2024-06-05 09:57:30,061;Capella;6.1.0.202303291413;Open+Session;5G%2520NR%2520%E6%89%8B%E6%9C%BA%E7%9B%B4%E8%BF%9ETP%E8%AF%95%E9%AA%8C%E5%8D%AB%E6%98%9F.aird;;
2024-06-05 09:57:31,111;Capella;6.1.0.202303291413;Open+Session;5G%2520NR%2520%E6%89%8B%E6%9C%BA%E7%9B%B4%E8%BF%9ETP%E8%AF%95%E9%AA%8C%E5%8D%AB%E6%98%9F.aird;OK;
2024-06-05 10:00:33,821;Capella;6.1.0.202303291413;Create+Representation;Operational+Entity+Breakdown;;6c9dde7b-f30d-4e12-861f-e583296d3717
2024-06-05 10:01:00,563;Capella;6.1.0.202303291413;Create+Representation;Operational+Entity+Breakdown;;6c9dde7b-f30d-4e12-861f-e583296d3717
2024-06-05 10:01:00,660;Capella;6.1.0.202303291413;Create+Representation;Operational+Entity+Breakdown;OK;6c9dde7b-f30d-4e12-861f-e583296d3717
2024-06-05 10:01:01,507;Capella;6.1.0.202303291413;Create+Representation;Operational+Entity+Breakdown;OK;6c9dde7b-f30d-4e12-861f-e583296d3717
2024-06-05 11:07:39,247;Capella;6.1.0.202303291413;Create+Representation;Operational+Capabilities+Blank;;1e01adc5-ba1b-4382-8698-125bf102cf68
2024-06-05 11:07:48,024;Capella;6.1.0.202303291413;Create+Representation;Operational+Capabilities+Blank;;1e01adc5-ba1b-4382-8698-125bf102cf68
2024-06-05 11:07:48,031;Capella;6.1.0.202303291413;Create+Representation;Operational+Capabilities+Blank;OK;1e01adc5-ba1b-4382-8698-125bf102cf68
2024-06-05 11:07:48,223;Capella;6.1.0.202303291413;Create+Representation;Operational+Capabilities+Blank;OK;1e01adc5-ba1b-4382-8698-125bf102cf68
2024-06-05 13:19:54,960;Capella;6.1.0.202303291413;Create+Representation;Operational+Capabilities+Blank;;1e01adc5-ba1b-4382-8698-125bf102cf68
2024-06-05 13:20:21,848;Capella;6.1.0.202303291413;Create+Representation;Operational+Capabilities+Blank;;1e01adc5-ba1b-4382-8698-125bf102cf68
2024-06-05 13:20:21,854;Capella;6.1.0.202303291413;Create+Representation;Operational+Capabilities+Blank;OK;1e01adc5-ba1b-4382-8698-125bf102cf68
2024-06-05 13:20:22,020;Capella;6.1.0.202303291413;Create+Representation;Operational+Capabilities+Blank;OK;1e01adc5-ba1b-4382-8698-125bf102cf68
2024-06-05 14:09:52,390;Capella;6.1.0.202303291413;Create+Representation;Operational+Entity+Blank;;6c9dde7b-f30d-4e12-861f-e583296d3717
2024-06-05 14:10:21,342;Capella;6.1.0.202303291413;Create+Representation;Operational+Entity+Blank;;6c9dde7b-f30d-4e12-861f-e583296d3717
2024-06-05 14:10:21,349;Capella;6.1.0.202303291413;Create+Representation;Operational+Entity+Blank;OK;6c9dde7b-f30d-4e12-861f-e583296d3717
2024-06-05 14:10:21,534;Capella;6.1.0.202303291413;Create+Representation;Operational+Entity+Blank;OK;6c9dde7b-f30d-4e12-861f-e583296d3717
2024-06-05 16:00:22,357;Capella;6.1.0.202303291413;Create+Representation;Operational+Entity+Blank;;6c9dde7b-f30d-4e12-861f-e583296d3717
2024-06-05 16:00:37,134;Capella;6.1.0.202303291413;Create+Representation;Operational+Entity+Blank;;6c9dde7b-f30d-4e12-861f-e583296d3717
2024-06-05 16:00:37,139;Capella;6.1.0.202303291413;Create+Representation;Operational+Entity+Blank;OK;6c9dde7b-f30d-4e12-861f-e583296d3717
2024-06-05 16:00:37,311;Capella;6.1.0.202303291413;Create+Representation;Operational+Entity+Blank;OK;6c9dde7b-f30d-4e12-861f-e583296d3717
2024-06-05 16:38:05,752;Capella;6.1.0.202303291413;Open+Representation;;;
2024-06-05 16:38:05,941;Capella;6.1.0.202303291413;Open+Representation;;OK;
2024-06-05 17:05:41,822;Capella;6.1.0.202303291413;Create+Representation;Operational+Entity+Blank;;6c9dde7b-f30d-4e12-861f-e583296d3717
2024-06-05 17:05:50,672;Capella;6.1.0.202303291413;Create+Representation;Operational+Entity+Blank;;6c9dde7b-f30d-4e12-861f-e583296d3717
2024-06-05 17:05:50,676;Capella;6.1.0.202303291413;Create+Representation;Operational+Entity+Blank;OK;6c9dde7b-f30d-4e12-861f-e583296d3717
2024-06-05 17:05:50,857;Capella;6.1.0.202303291413;Create+Representation;Operational+Entity+Blank;OK;6c9dde7b-f30d-4e12-861f-e583296d3717
2024-06-06 14:53:36,534;Capella;6.1.0.202303291413;Create+Representation;Operational+Entity+Blank;;6c9dde7b-f30d-4e12-861f-e583296d3717
2024-06-06 14:55:42,556;Capella;6.1.0.202303291413;Create+Representation;Operational+Entity+Blank;;6c9dde7b-f30d-4e12-861f-e583296d3717
2024-06-06 14:55:42,574;Capella;6.1.0.202303291413;Create+Representation;Operational+Entity+Blank;OK;6c9dde7b-f30d-4e12-861f-e583296d3717
2024-06-06 14:55:42,838;Capella;6.1.0.202303291413;Create+Representation;Operational+Entity+Blank;OK;6c9dde7b-f30d-4e12-861f-e583296d3717
2024-06-06 17:45:35,338;Capella;6.1.0.202303291413;Open+Representation;;;
2024-06-06 17:45:35,607;Capella;6.1.0.202303291413;Open+Representation;;OK;
2024-06-06 18:12:04,695;Capella;6.1.0.202303291413;Create+Representation;Operational+Entity+Blank;;6c9dde7b-f30d-4e12-861f-e583296d3717
2024-06-06 18:12:58,719;Capella;6.1.0.202303291413;Create+Representation;Operational+Entity+Blank;;6c9dde7b-f30d-4e12-861f-e583296d3717
2024-06-06 18:12:58,723;Capella;6.1.0.202303291413;Create+Representation;Operational+Entity+Blank;OK;6c9dde7b-f30d-4e12-861f-e583296d3717
2024-06-06 18:12:58,919;Capella;6.1.0.202303291413;Create+Representation;Operational+Entity+Blank;OK;6c9dde7b-f30d-4e12-861f-e583296d3717
2024-06-06 20:00:52,810;Capella;6.1.0.202303291413;Create+Representation;Operational+Entity+Blank;;6c9dde7b-f30d-4e12-861f-e583296d3717
2024-06-06 20:03:17,724;Capella;6.1.0.202303291413;Create+Representation;Operational+Entity+Blank;;6c9dde7b-f30d-4e12-861f-e583296d3717
2024-06-06 20:03:17,727;Capella;6.1.0.202303291413;Create+Representation;Operational+Entity+Blank;OK;6c9dde7b-f30d-4e12-861f-e583296d3717
2024-06-06 20:03:17,935;Capella;6.1.0.202303291413;Create+Representation;Operational+Entity+Blank;OK;6c9dde7b-f30d-4e12-861f-e583296d3717
2024-06-06 20:47:46,111;Capella;6.1.0.202303291413;Open+Representation;;;
2024-06-06 20:47:46,342;Capella;6.1.0.202303291413;Open+Representation;;OK;
2024-06-06 21:14:19,657;Capella;6.1.0.202303291413;Create+Representation;Operational+Entity+Blank;;6c9dde7b-f30d-4e12-861f-e583296d3717
2024-06-06 21:15:46,219;Capella;6.1.0.202303291413;Create+Representation;Operational+Entity+Blank;;6c9dde7b-f30d-4e12-861f-e583296d3717
2024-06-06 21:15:46,223;Capella;6.1.0.202303291413;Create+Representation;Operational+Entity+Blank;OK;6c9dde7b-f30d-4e12-861f-e583296d3717
2024-06-06 21:15:46,421;Capella;6.1.0.202303291413;Create+Representation;Operational+Entity+Blank;OK;6c9dde7b-f30d-4e12-861f-e583296d3717
2024-06-06 21:31:21,785;Capella;6.1.0.202303291413;Create+Representation;Operational+Entity+Blank;;6c9dde7b-f30d-4e12-861f-e583296d3717
2024-06-06 21:31:32,892;Capella;6.1.0.202303291413;Create+Representation;Operational+Entity+Blank;;6c9dde7b-f30d-4e12-861f-e583296d3717
2024-06-06 21:31:32,896;Capella;6.1.0.202303291413;Create+Representation;Operational+Entity+Blank;OK;6c9dde7b-f30d-4e12-861f-e583296d3717
2024-06-06 21:31:33,094;Capella;6.1.0.202303291413;Create+Representation;Operational+Entity+Blank;OK;6c9dde7b-f30d-4e12-861f-e583296d3717
2024-06-07 10:23:36,780;Capella;6.1.0.202303291413;Open+Representation;;;
2024-06-07 10:23:37,115;Capella;6.1.0.202303291413;Open+Representation;;OK;
2024-06-07 14:40:42,193;Capella;6.1.0.202303291413;Open+Representation;;;
2024-06-07 14:40:42,299;Capella;6.1.0.202303291413;Open+Representation;;OK;
2024-06-11 10:02:47,446;Capella;6.1.0.202303291413;Create+Representation;Operational+Entity+Blank;;6c9dde7b-f30d-4e12-861f-e583296d3717
2024-06-11 10:02:58,877;Capella;6.1.0.202303291413;Create+Representation;Operational+Entity+Blank;;6c9dde7b-f30d-4e12-861f-e583296d3717
2024-06-11 10:02:58,906;Capella;6.1.0.202303291413;Create+Representation;Operational+Entity+Blank;OK;6c9dde7b-f30d-4e12-861f-e583296d3717
2024-06-11 10:02:59,170;Capella;6.1.0.202303291413;Create+Representation;Operational+Entity+Blank;OK;6c9dde7b-f30d-4e12-861f-e583296d3717
2024-06-11 13:56:13,510;Capella;6.1.0.202303291413;Open+Representation;;;
2024-06-11 13:56:13,643;Capella;6.1.0.202303291413;Open+Representation;;OK;
2024-06-11 14:01:22,309;Capella;6.1.0.202303291413;Open+Representation;;;
2024-06-11 14:01:22,394;Capella;6.1.0.202303291413;Open+Representation;;OK;
2024-06-11 14:50:25,271;Capella;6.1.0.202303291413;Open+Representation;;;
2024-06-11 14:50:25,555;Capella;6.1.0.202303291413;Open+Representation;;OK;
2024-06-11 15:31:28,636;Capella;6.1.0.202303291413;Open+Representation;;;
2024-06-11 15:31:28,914;Capella;6.1.0.202303291413;Open+Representation;;OK;
2024-06-11 15:34:30,939;Capella;6.1.0.202303291413;Open+Representation;;;
2024-06-11 15:34:31,209;Capella;6.1.0.202303291413;Open+Representation;;OK;
2024-06-13 13:08:55,230;Capella;6.1.0.202303291413;Create+Representation;Operational+Entity+Blank;;6c9dde7b-f30d-4e12-861f-e583296d3717
2024-06-13 13:09:37,381;Capella;6.1.0.202303291413;Create+Representation;Operational+Entity+Blank;;6c9dde7b-f30d-4e12-861f-e583296d3717
2024-06-13 13:09:37,398;Capella;6.1.0.202303291413;Create+Representation;Operational+Entity+Blank;OK;6c9dde7b-f30d-4e12-861f-e583296d3717
2024-06-13 13:09:37,611;Capella;6.1.0.202303291413;Create+Representation;Operational+Entity+Blank;OK;6c9dde7b-f30d-4e12-861f-e583296d3717
2024-06-13 16:52:05,489;Capella;6.1.0.202303291413;Open+Representation;;;
2024-06-13 16:52:05,687;Capella;6.1.0.202303291413;Open+Representation;;OK;
2024-06-16 17:41:32,810;Capella;6.1.0.202303291413;Create+Representation;Operational+Entity+Blank;;6c9dde7b-f30d-4e12-861f-e583296d3717
2024-06-16 17:42:31,308;Capella;6.1.0.202303291413;Create+Representation;Operational+Entity+Blank;;6c9dde7b-f30d-4e12-861f-e583296d3717
2024-06-16 17:42:31,326;Capella;6.1.0.202303291413;Create+Representation;Operational+Entity+Blank;OK;6c9dde7b-f30d-4e12-861f-e583296d3717
2024-06-16 17:42:31,625;Capella;6.1.0.202303291413;Create+Representation;Operational+Entity+Blank;OK;6c9dde7b-f30d-4e12-861f-e583296d3717
2024-06-16 18:13:45,141;Capella;6.1.0.202303291413;Open+Representation;;;
2024-06-16 18:13:45,366;Capella;6.1.0.202303291413;Open+Representation;;OK;
2024-06-16 18:13:53,013;Capella;6.1.0.202303291413;Open+Representation;;;
2024-06-16 18:13:53,216;Capella;6.1.0.202303291413;Open+Representation;;OK;
2024-06-16 18:31:42,151;Capella;6.1.0.202303291413;Open+Representation;;;
2024-06-16 18:31:42,368;Capella;6.1.0.202303291413;Open+Representation;;OK;
2024-06-17 17:16:23,988;Capella;6.1.0.202303291413;Open+Representation;;;
2024-06-17 17:16:24,093;Capella;6.1.0.202303291413;Open+Representation;;OK;
2024-06-17 17:34:17,816;Capella;6.1.0.202303291413;Open+Representation;;;
2024-06-17 17:34:18,096;Capella;6.1.0.202303291413;Open+Representation;;OK;
2024-06-17 17:38:53,616;Capella;6.1.0.202303291413;Open+Representation;;;
2024-06-17 17:38:53,878;Capella;6.1.0.202303291413;Open+Representation;;OK;
2024-06-20 10:51:08,207;Capella;6.1.0.202303291413;Open+Representation;;;
2024-06-20 10:51:08,387;Capella;6.1.0.202303291413;Open+Representation;;OK;
2024-06-20 10:51:09,227;Capella;6.1.0.202303291413;Open+Representation;;;
2024-06-20 10:51:09,419;Capella;6.1.0.202303291413;Open+Representation;;OK;
2024-06-20 10:51:09,994;Capella;6.1.0.202303291413;Open+Representation;;;
2024-06-20 10:51:10,168;Capella;6.1.0.202303291413;Open+Representation;;OK;
2024-06-20 11:55:22,733;Capella;6.1.0.202303291413;Open+Representation;;;
2024-06-20 11:55:22,922;Capella;6.1.0.202303291413;Open+Representation;;OK;
2024-06-20 11:59:15,733;Capella;6.1.0.202303291413;Open+Representation;;;
2024-06-20 11:59:15,939;Capella;6.1.0.202303291413;Open+Representation;;OK;
2024-06-20 11:59:20,386;Capella;6.1.0.202303291413;Open+Representation;;;
2024-06-20 11:59:20,566;Capella;6.1.0.202303291413;Open+Representation;;OK;
2024-06-21 10:41:38,850;Capella;6.1.0.202303291413;Open+Representation;;;
2024-06-21 10:41:39,134;Capella;6.1.0.202303291413;Open+Representation;;OK;
2024-06-24 15:53:14,431;Capella;6.1.0.202303291413;Open+Representation;;;
2024-06-24 15:53:14,753;Capella;6.1.0.202303291413;Open+Representation;;OK;
2024-06-24 16:02:12,716;Capella;6.1.0.202303291413;Open+Representation;;;
2024-06-24 16:02:12,950;Capella;6.1.0.202303291413;Open+Representation;;OK;
2024-06-25 16:58:15,439;Capella;6.1.0.202303291413;Open+Representation;;;
2024-06-25 16:58:15,680;Capella;6.1.0.202303291413;Open+Representation;;OK;
2024-06-25 17:02:54,580;Capella;6.1.0.202303291413;Open+Representation;;;
2024-06-25 17:02:54,963;Capella;6.1.0.202303291413;Open+Representation;;OK;
2024-06-25 17:02:55,780;Capella;6.1.0.202303291413;Open+Representation;;;
2024-06-25 17:02:56,473;Capella;6.1.0.202303291413;Open+Representation;;OK;
2024-06-25 17:04:22,448;Capella;6.1.0.202303291413;Open+Representation;;;
2024-06-25 17:04:22,818;Capella;6.1.0.202303291413;Open+Representation;;OK;
2024-06-25 17:09:15,292;Capella;6.1.0.202303291413;Open+Representation;;;
2024-06-25 17:09:15,480;Capella;6.1.0.202303291413;Open+Representation;;OK;
2024-06-26 10:46:42,727;Capella;6.1.0.202303291413;Open+Session;5G+NR+%E6%89%8B%E6%9C%BA%E7%9B%B4%E8%BF%9ETP%E8%AF%95%E9%AA%8C%E5%8D%AB%E6%98%9F.aird;;
2024-06-26 10:46:43,746;Capella;6.1.0.202303291413;Open+Session;5G+NR+%E6%89%8B%E6%9C%BA%E7%9B%B4%E8%BF%9ETP%E8%AF%95%E9%AA%8C%E5%8D%AB%E6%98%9F.aird;;
2024-06-27 10:02:11,045;Capella;6.1.0.202303291413;Transition;Operational+Entity+to+System+Actor+Transition;;
2024-06-27 10:02:37,554;Capella;6.1.0.202303291413;Transition;Operational+Entity+to+System+Actor+Transition;OK;
2024-06-27 10:03:40,699;Capella;6.1.0.202303291413;Create+Representation;Contextual+System+Actors;;c195d0ef-6107-482b-bac3-5166a746dade
2024-06-27 10:04:10,107;Capella;6.1.0.202303291413;Create+Representation;Contextual+System+Actors;;c195d0ef-6107-482b-bac3-5166a746dade
2024-06-27 10:04:10,481;Capella;6.1.0.202303291413;Create+Representation;Contextual+System+Actors;OK;c195d0ef-6107-482b-bac3-5166a746dade
2024-06-27 10:04:10,983;Capella;6.1.0.202303291413;Create+Representation;Contextual+System+Actors;OK;c195d0ef-6107-482b-bac3-5166a746dade
2024-06-27 10:59:32,983;Capella;6.1.0.202303291413;Create+Representation;Contextual+System+Actors;;c195d0ef-6107-482b-bac3-5166a746dade
2024-06-27 10:59:42,167;Capella;6.1.0.202303291413;Create+Representation;Contextual+System+Actors;;c195d0ef-6107-482b-bac3-5166a746dade
2024-06-27 10:59:42,194;Capella;6.1.0.202303291413;Create+Representation;Contextual+System+Actors;OK;c195d0ef-6107-482b-bac3-5166a746dade
2024-06-27 10:59:42,427;Capella;6.1.0.202303291413;Create+Representation;Contextual+System+Actors;OK;c195d0ef-6107-482b-bac3-5166a746dade
2024-06-27 11:03:30,810;Capella;6.1.0.202303291413;Transition;Operational+Entity+to+System+Actor+Transition;;
2024-06-27 11:03:34,482;Capella;6.1.0.202303291413;Transition;Operational+Entity+to+System+Actor+Transition;OK;
2024-06-27 11:03:39,172;Capella;6.1.0.202303291413;Create+Representation;Contextual+System+Actors;;c195d0ef-6107-482b-bac3-5166a746dade
2024-06-27 11:03:42,859;Capella;6.1.0.202303291413;Create+Representation;Contextual+System+Actors;;c195d0ef-6107-482b-bac3-5166a746dade
2024-06-27 11:03:43,363;Capella;6.1.0.202303291413;Create+Representation;Contextual+System+Actors;OK;c195d0ef-6107-482b-bac3-5166a746dade
2024-06-27 11:03:44,817;Capella;6.1.0.202303291413;Create+Representation;Contextual+System+Actors;OK;c195d0ef-6107-482b-bac3-5166a746dade
2024-07-01 16:26:57,237;Capella;6.1.0.202303291413;Transition;Operational+Entity+to+System+Actor+Transition;;
2024-07-01 16:27:00,834;Capella;6.1.0.202303291413;Transition;Operational+Entity+to+System+Actor+Transition;OK;
2024-07-01 16:27:09,891;Capella;6.1.0.202303291413;Create+Representation;Contextual+System+Actors;;c195d0ef-6107-482b-bac3-5166a746dade
2024-07-01 16:27:23,154;Capella;6.1.0.202303291413;Create+Representation;Contextual+System+Actors;;c195d0ef-6107-482b-bac3-5166a746dade
2024-07-01 16:27:23,537;Capella;6.1.0.202303291413;Create+Representation;Contextual+System+Actors;OK;c195d0ef-6107-482b-bac3-5166a746dade
2024-07-01 16:27:24,282;Capella;6.1.0.202303291413;Create+Representation;Contextual+System+Actors;OK;c195d0ef-6107-482b-bac3-5166a746dade
2024-07-01 19:10:55,119;Capella;6.1.0.202303291413;Create+Representation;System+Actor+-+Operational+Actor;;bcca057b-c88d-425c-ab27-216495be7cbd
2024-07-01 19:10:57,393;Capella;6.1.0.202303291413;Create+Representation;System+Actor+-+Operational+Actor;OK;bcca057b-c88d-425c-ab27-216495be7cbd
2024-07-01 19:11:04,289;Capella;6.1.0.202303291413;Create+Representation;System+Architecture+Blank;;711c36e7-ae0c-419a-9c53-51a6d01f133e
2024-07-01 19:12:47,508;Capella;6.1.0.202303291413;Create+Representation;System+Architecture+Blank;;711c36e7-ae0c-419a-9c53-51a6d01f133e
2024-07-01 19:12:47,534;Capella;6.1.0.202303291413;Create+Representation;System+Architecture+Blank;OK;711c36e7-ae0c-419a-9c53-51a6d01f133e
2024-07-01 19:12:47,869;Capella;6.1.0.202303291413;Create+Representation;System+Architecture+Blank;OK;711c36e7-ae0c-419a-9c53-51a6d01f133e
2024-07-02 19:16:18,740;Capella;6.1.0.202303291413;Create+Representation;Class+Diagram+Blank;;ec1895fb-04cf-4909-ae50-26f7577de705
2024-07-02 19:16:21,898;Capella;6.1.0.202303291413;Create+Representation;Class+Diagram+Blank;;ec1895fb-04cf-4909-ae50-26f7577de705
2024-07-02 19:16:21,914;Capella;6.1.0.202303291413;Create+Representation;Class+Diagram+Blank;OK;ec1895fb-04cf-4909-ae50-26f7577de705
2024-07-02 19:16:22,325;Capella;6.1.0.202303291413;Create+Representation;Class+Diagram+Blank;OK;ec1895fb-04cf-4909-ae50-26f7577de705
2024-07-09 09:03:31,855;Capella;6.1.0.202303291413;Open+Representation;;;
2024-07-09 09:03:32,459;Capella;6.1.0.202303291413;Open+Representation;;OK;
2024-07-09 09:41:00,995;Capella;6.1.0.202303291413;Create+Representation;System+Architecture+Blank;;711c36e7-ae0c-419a-9c53-51a6d01f133e
2024-07-09 09:41:10,783;Capella;6.1.0.202303291413;Create+Representation;System+Architecture+Blank;;711c36e7-ae0c-419a-9c53-51a6d01f133e
2024-07-09 09:41:10,801;Capella;6.1.0.202303291413;Create+Representation;System+Architecture+Blank;OK;711c36e7-ae0c-419a-9c53-51a6d01f133e
2024-07-09 09:41:11,073;Capella;6.1.0.202303291413;Create+Representation;System+Architecture+Blank;OK;711c36e7-ae0c-419a-9c53-51a6d01f133e
2024-07-10 09:22:36,841;Capella;6.1.0.202303291413;Open+Representation;;;
2024-07-10 09:22:37,847;Capella;6.1.0.202303291413;Open+Representation;;OK;
2024-07-11 16:15:39,863;Capella;6.1.0.202303291413;Open+Representation;;;
2024-07-11 16:15:42,203;Capella;6.1.0.202303291413;Open+Representation;;OK;
2024-07-17 14:26:21,455;Capella;6.1.0.202303291413;Open+Representation;;;
2024-07-17 14:26:21,906;Capella;6.1.0.202303291413;Open+Representation;;OK;
2024-07-17 14:27:28,713;Capella;6.1.0.202303291413;Open+Representation;;;
2024-07-17 14:27:29,444;Capella;6.1.0.202303291413;Open+Representation;;OK;
2024-07-17 14:45:19,252;Capella;6.1.0.202303291413;Validation;;;
2024-07-17 14:45:19,851;Capella;6.1.0.202303291413;Validation;;OK;
2024-07-17 14:55:33,781;Capella;6.1.0.202303291413;Transition;Actor+Transition;;
2024-07-17 14:55:54,116;Capella;6.1.0.202303291413;Transition;Actor+Transition;OK;
2024-07-17 15:00:15,793;Capella;6.1.0.202303291413;Transition;Functional+Transition;;
2024-07-17 15:00:17,791;Capella;6.1.0.202303291413;Transition;Functional+Transition;ERROR;
2024-07-17 15:12:59,043;Capella;6.1.0.202303291413;Create+Representation;Logical+Component+Breakdown;;476f1cc5-fcab-4fc7-ba8a-7252b93abee3
2024-07-17 15:13:00,166;Capella;6.1.0.202303291413;Create+Representation;Logical+Component+Breakdown;;476f1cc5-fcab-4fc7-ba8a-7252b93abee3
2024-07-17 15:13:00,198;Capella;6.1.0.202303291413;Create+Representation;Logical+Component+Breakdown;OK;476f1cc5-fcab-4fc7-ba8a-7252b93abee3
2024-07-17 15:13:00,395;Capella;6.1.0.202303291413;Create+Representation;Logical+Component+Breakdown;OK;476f1cc5-fcab-4fc7-ba8a-7252b93abee3
2024-07-17 15:25:29,464;Capella;6.1.0.202303291413;Create+Representation;Logical+Architecture+Blank;;476f1cc5-fcab-4fc7-ba8a-7252b93abee3
2024-07-17 15:25:30,710;Capella;6.1.0.202303291413;Create+Representation;Logical+Architecture+Blank;;476f1cc5-fcab-4fc7-ba8a-7252b93abee3
2024-07-17 15:25:30,723;Capella;6.1.0.202303291413;Create+Representation;Logical+Architecture+Blank;OK;476f1cc5-fcab-4fc7-ba8a-7252b93abee3
2024-07-17 15:25:30,955;Capella;6.1.0.202303291413;Create+Representation;Logical+Architecture+Blank;OK;476f1cc5-fcab-4fc7-ba8a-7252b93abee3
2024-07-18 10:27:05,917;Capella;6.1.0.202303291413;Open+Representation;;;
2024-07-18 10:27:06,290;Capella;6.1.0.202303291413;Open+Representation;;OK;
2024-07-18 11:08:06,202;Capella;6.1.0.202303291413;Open+Representation;;;
2024-07-18 11:08:07,530;Capella;6.1.0.202303291413;Open+Representation;;OK;
2024-07-23 09:53:58,749;Capella;6.1.0.202303291413;Open+Representation;;;
2024-07-23 09:54:00,137;Capella;6.1.0.202303291413;Open+Representation;;OK;
2024-07-23 14:25:15,893;Capella;6.1.0.202303291413;Open+Representation;;;
2024-07-23 14:25:16,016;Capella;6.1.0.202303291413;Open+Representation;;OK;
2024-07-23 14:25:29,628;Capella;6.1.0.202303291413;Open+Representation;;;
2024-07-23 14:25:29,741;Capella;6.1.0.202303291413;Open+Representation;;OK;
2024-07-23 14:32:20,415;Capella;6.1.0.202303291413;Validation;;;
2024-07-23 14:32:20,909;Capella;6.1.0.202303291413;Validation;;OK;
2024-07-23 14:53:37,089;Capella;6.1.0.202303291413;Open+Representation;;;
2024-07-23 14:53:37,831;Capella;6.1.0.202303291413;Open+Representation;;OK;
2024-08-19 18:18:35,025;Capella;6.1.0.202303291413;Open+Representation;;;
2024-08-19 18:18:35,143;Capella;6.1.0.202303291413;Open+Representation;;OK;
2024-08-19 18:54:51,202;Capella;6.1.0.202303291413;Transition;Actor+Transition;;
2024-08-19 18:55:20,479;Capella;6.1.0.202303291413;Transition;Actor+Transition;OK;
2024-08-19 18:55:23,626;Capella;6.1.0.202303291413;Transition;Functional+Transition;;
2024-08-19 18:55:27,618;Capella;6.1.0.202303291413;Transition;Functional+Transition;OK;
2024-08-19 19:05:41,812;Capella;6.1.0.202303291413;Open+Representation;;;
2024-08-19 19:05:41,948;Capella;6.1.0.202303291413;Open+Representation;;OK;
2024-08-19 19:27:38,027;Capella;6.1.0.202303291413;Open+Representation;;;
2024-08-19 19:27:38,855;Capella;6.1.0.202303291413;Open+Representation;;OK;
2024-08-19 19:38:57,293;Capella;6.1.0.202303291413;Create+Representation;Logical+Architecture+Blank;;476f1cc5-fcab-4fc7-ba8a-7252b93abee3
2024-08-19 19:38:58,885;Capella;6.1.0.202303291413;Create+Representation;Logical+Architecture+Blank;;476f1cc5-fcab-4fc7-ba8a-7252b93abee3
2024-08-19 19:38:58,934;Capella;6.1.0.202303291413;Create+Representation;Logical+Architecture+Blank;OK;476f1cc5-fcab-4fc7-ba8a-7252b93abee3
2024-08-19 19:38:59,291;Capella;6.1.0.202303291413;Create+Representation;Logical+Architecture+Blank;OK;476f1cc5-fcab-4fc7-ba8a-7252b93abee3
2024-08-20 14:34:15,014;Capella;6.1.0.202303291413;Transition;Functional+Transition;;
2024-08-20 14:34:21,067;Capella;6.1.0.202303291413;Transition;Functional+Transition;ERROR;
2024-08-20 14:34:22,957;Capella;6.1.0.202303291413;Transition;Actor+Transition;;
2024-08-20 14:34:53,897;Capella;6.1.0.202303291413;Transition;Actor+Transition;ERROR;
2024-08-20 14:34:57,307;Capella;6.1.0.202303291413;Transition;Actor+Transition;;
2024-08-20 14:35:00,097;Capella;6.1.0.202303291413;Transition;Actor+Transition;ERROR;
2024-08-20 14:35:01,103;Capella;6.1.0.202303291413;Transition;Functional+Transition;;
2024-08-20 14:35:04,724;Capella;6.1.0.202303291413;Transition;Functional+Transition;ERROR;
2024-08-20 14:35:06,092;Capella;6.1.0.202303291413;Transition;Actor+Transition;;
2024-08-20 14:35:07,842;Capella;6.1.0.202303291413;Transition;Actor+Transition;OK;
2024-08-20 14:35:09,254;Capella;6.1.0.202303291413;Transition;Functional+Transition;;
2024-08-20 14:35:11,205;Capella;6.1.0.202303291413;Transition;Functional+Transition;OK;
2024-08-20 14:35:18,574;Capella;6.1.0.202303291413;Create+Representation;Logical+Data+Flow+Blank;;529dea87-6838-4064-a9f0-fa42749b80d5
2024-08-20 14:35:20,035;Capella;6.1.0.202303291413;Create+Representation;Logical+Data+Flow+Blank;;529dea87-6838-4064-a9f0-fa42749b80d5
2024-08-20 14:35:20,057;Capella;6.1.0.202303291413;Create+Representation;Logical+Data+Flow+Blank;OK;529dea87-6838-4064-a9f0-fa42749b80d5
2024-08-20 14:35:20,294;Capella;6.1.0.202303291413;Create+Representation;Logical+Data+Flow+Blank;OK;529dea87-6838-4064-a9f0-fa42749b80d5
2024-08-20 14:36:29,237;Capella;6.1.0.202303291413;Create+Representation;Logical+Architecture+Blank;;476f1cc5-fcab-4fc7-ba8a-7252b93abee3
2024-08-20 14:36:31,516;Capella;6.1.0.202303291413;Create+Representation;Logical+Architecture+Blank;;476f1cc5-fcab-4fc7-ba8a-7252b93abee3
2024-08-20 14:36:31,528;Capella;6.1.0.202303291413;Create+Representation;Logical+Architecture+Blank;OK;476f1cc5-fcab-4fc7-ba8a-7252b93abee3
2024-08-20 14:36:31,756;Capella;6.1.0.202303291413;Create+Representation;Logical+Architecture+Blank;OK;476f1cc5-fcab-4fc7-ba8a-7252b93abee3
2024-08-21 17:42:05,391;Capella;6.1.0.202303291413;Open+Representation;;;
2024-08-21 17:42:06,070;Capella;6.1.0.202303291413;Open+Representation;;OK;
2024-08-21 17:42:13,966;Capella;6.1.0.202303291413;Open+Representation;;;
2024-08-21 17:42:14,638;Capella;6.1.0.202303291413;Open+Representation;;OK;
2024-08-22 07:31:42,897;Capella;6.1.0.202303291413;Open+Representation;;;
2024-08-22 07:31:43,305;Capella;6.1.0.202303291413;Open+Representation;;OK;
2024-08-22 08:12:00,613;Capella;6.1.0.202303291413;Open+Representation;;;
2024-08-22 08:12:00,924;Capella;6.1.0.202303291413;Open+Representation;;OK;
2024-08-22 10:52:06,332;Capella;6.1.0.202303291413;Create+Representation;Logical+Architecture+Blank;;476f1cc5-fcab-4fc7-ba8a-7252b93abee3
2024-08-22 10:52:09,219;Capella;6.1.0.202303291413;Create+Representation;Logical+Architecture+Blank;;476f1cc5-fcab-4fc7-ba8a-7252b93abee3
2024-08-22 10:52:09,244;Capella;6.1.0.202303291413;Create+Representation;Logical+Architecture+Blank;OK;476f1cc5-fcab-4fc7-ba8a-7252b93abee3
2024-08-22 10:52:09,621;Capella;6.1.0.202303291413;Create+Representation;Logical+Architecture+Blank;OK;476f1cc5-fcab-4fc7-ba8a-7252b93abee3
2024-08-22 10:58:54,864;Capella;6.1.0.202303291413;Create+Representation;Logical+Architecture+Blank;;476f1cc5-fcab-4fc7-ba8a-7252b93abee3
2024-08-22 10:59:05,373;Capella;6.1.0.202303291413;Create+Representation;Logical+Architecture+Blank;;476f1cc5-fcab-4fc7-ba8a-7252b93abee3
2024-08-22 10:59:05,382;Capella;6.1.0.202303291413;Create+Representation;Logical+Architecture+Blank;OK;476f1cc5-fcab-4fc7-ba8a-7252b93abee3
2024-08-22 10:59:05,571;Capella;6.1.0.202303291413;Create+Representation;Logical+Architecture+Blank;OK;476f1cc5-fcab-4fc7-ba8a-7252b93abee3
2024-08-22 11:49:12,151;Capella;6.1.0.202303291413;Transition;Actor+Transition;;
2024-08-22 11:49:40,853;Capella;6.1.0.202303291413;Transition;Actor+Transition;ERROR;
2024-08-22 11:49:43,508;Capella;6.1.0.202303291413;Transition;LC+%2F+LA+to+PC+%2F+PA+Transition;;
2024-08-22 11:50:36,488;Capella;6.1.0.202303291413;Transition;LC+%2F+LA+to+PC+%2F+PA+Transition;OK;
2024-08-22 11:50:39,976;Capella;6.1.0.202303291413;Transition;Functional+Transition;;
2024-08-22 11:50:50,252;Capella;6.1.0.202303291413;Transition;Functional+Transition;ERROR;
2024-08-22 11:51:04,415;Capella;6.1.0.202303291413;Create+Representation;Physical+Function+Breakdown;;629136c7-25d1-41a9-9541-b5eda090f6e3
2024-08-22 11:51:06,558;Capella;6.1.0.202303291413;Create+Representation;Physical+Function+Breakdown;;629136c7-25d1-41a9-9541-b5eda090f6e3
2024-08-22 11:51:06,590;Capella;6.1.0.202303291413;Create+Representation;Physical+Function+Breakdown;OK;629136c7-25d1-41a9-9541-b5eda090f6e3
2024-08-22 11:51:06,859;Capella;6.1.0.202303291413;Create+Representation;Physical+Function+Breakdown;OK;629136c7-25d1-41a9-9541-b5eda090f6e3
2024-08-22 11:52:04,078;Capella;6.1.0.202303291413;Create+Representation;Physical+Component+Breakdown;;037e8b7e-e266-4982-a0c6-8af01fd58972
2024-08-22 11:52:05,478;Capella;6.1.0.202303291413;Create+Representation;Physical+Component+Breakdown;;037e8b7e-e266-4982-a0c6-8af01fd58972
2024-08-22 11:52:05,492;Capella;6.1.0.202303291413;Create+Representation;Physical+Component+Breakdown;OK;037e8b7e-e266-4982-a0c6-8af01fd58972
2024-08-22 11:52:05,684;Capella;6.1.0.202303291413;Create+Representation;Physical+Component+Breakdown;OK;037e8b7e-e266-4982-a0c6-8af01fd58972
2024-08-22 11:57:49,910;Capella;6.1.0.202303291413;Create+Representation;Physical+Architecture+Blank;;037e8b7e-e266-4982-a0c6-8af01fd58972
2024-08-22 11:58:00,483;Capella;6.1.0.202303291413;Create+Representation;Physical+Architecture+Blank;;037e8b7e-e266-4982-a0c6-8af01fd58972
2024-08-22 11:58:00,490;Capella;6.1.0.202303291413;Create+Representation;Physical+Architecture+Blank;OK;037e8b7e-e266-4982-a0c6-8af01fd58972
2024-08-22 11:58:00,748;Capella;6.1.0.202303291413;Create+Representation;Physical+Architecture+Blank;OK;037e8b7e-e266-4982-a0c6-8af01fd58972
2024-08-22 13:13:19,206;Capella;6.1.0.202303291413;Create+Representation;Configuration+Items+Breakdown;;8d6882dd-664e-4cbd-affd-d8ec563ade46
2024-08-22 13:13:59,596;Capella;6.1.0.202303291413;Create+Representation;Configuration+Items+Breakdown;;8d6882dd-664e-4cbd-affd-d8ec563ade46
2024-08-22 13:13:59,611;Capella;6.1.0.202303291413;Create+Representation;Configuration+Items+Breakdown;OK;8d6882dd-664e-4cbd-affd-d8ec563ade46
2024-08-22 13:13:59,793;Capella;6.1.0.202303291413;Create+Representation;Configuration+Items+Breakdown;OK;8d6882dd-664e-4cbd-affd-d8ec563ade46
2024-08-22 13:14:24,726;Capella;6.1.0.202303291413;Create+Representation;EPBS+Architecture+Blank;;8d6882dd-664e-4cbd-affd-d8ec563ade46
2024-08-22 13:14:27,231;Capella;6.1.0.202303291413;Create+Representation;EPBS+Architecture+Blank;;8d6882dd-664e-4cbd-affd-d8ec563ade46
2024-08-22 13:14:27,235;Capella;6.1.0.202303291413;Create+Representation;EPBS+Architecture+Blank;OK;8d6882dd-664e-4cbd-affd-d8ec563ade46
2024-08-22 13:14:27,398;Capella;6.1.0.202303291413;Create+Representation;EPBS+Architecture+Blank;OK;8d6882dd-664e-4cbd-affd-d8ec563ade46
2024-08-22 13:36:34,776;Capella;6.1.0.202303291413;Open+Representation;;;
2024-08-22 13:36:34,891;Capella;6.1.0.202303291413;Open+Representation;;OK;
2024-08-22 18:06:02,390;Capella;6.1.0.202303291413;Open+Representation;;;
2024-08-22 18:06:02,645;Capella;6.1.0.202303291413;Open+Representation;;OK;
2024-08-22 18:45:06,124;Capella;6.1.0.202303291413;Open+Representation;;;
2024-08-22 18:45:06,863;Capella;6.1.0.202303291413;Open+Representation;;OK;
2024-08-22 18:48:28,478;Capella;6.1.0.202303291413;Open+Representation;;;
2024-08-22 18:48:29,139;Capella;6.1.0.202303291413;Open+Representation;;OK;
2024-08-22 19:47:13,229;Capella;6.1.0.202303291413;Open+Representation;;;
2024-08-22 19:47:13,406;Capella;6.1.0.202303291413;Open+Representation;;OK;
2024-08-22 19:47:19,643;Capella;6.1.0.202303291413;Open+Representation;;;
2024-08-22 19:47:19,873;Capella;6.1.0.202303291413;Open+Representation;;OK;
2024-09-10 17:17:15,131;Capella;6.1.0.202303291413;Open+Session;5G+NR+%E6%89%8B%E6%9C%BA%E7%9B%B4%E8%BF%9ETP%E8%AF%95%E9%AA%8C%E5%8D%AB%E6%98%9F.aird;;
2024-09-10 17:17:20,243;Capella;6.1.0.202303291413;Open+Session;5G+NR+%E6%89%8B%E6%9C%BA%E7%9B%B4%E8%BF%9ETP%E8%AF%95%E9%AA%8C%E5%8D%AB%E6%98%9F.aird;OK;
2024-09-10 17:19:27,665;Capella;6.1.0.202303291413;Transition;Actor+Transition;;
2024-09-10 17:19:37,931;Capella;6.1.0.202303291413;Transition;Actor+Transition;ERROR;
2024-09-10 17:19:39,447;Capella;6.1.0.202303291413;Transition;LC+%2F+LA+to+PC+%2F+PA+Transition;;
2024-09-10 17:23:17,648;Capella;6.1.0.202303291413;Transition;LC+%2F+LA+to+PC+%2F+PA+Transition;OK;
2024-09-10 17:23:22,180;Capella;6.1.0.202303291413;Transition;Functional+Transition;;
2024-09-10 17:23:28,952;Capella;6.1.0.202303291413;Transition;Functional+Transition;OK;
2024-09-10 17:23:40,740;Capella;6.1.0.202303291413;Create+Representation;Physical+Component+Breakdown;;037e8b7e-e266-4982-a0c6-8af01fd58972
2024-09-10 17:23:45,783;Capella;6.1.0.202303291413;Create+Representation;Physical+Component+Breakdown;;037e8b7e-e266-4982-a0c6-8af01fd58972
2024-09-10 17:23:46,040;Capella;6.1.0.202303291413;Create+Representation;Physical+Component+Breakdown;OK;037e8b7e-e266-4982-a0c6-8af01fd58972
2024-09-10 17:23:47,471;Capella;6.1.0.202303291413;Create+Representation;Physical+Component+Breakdown;OK;037e8b7e-e266-4982-a0c6-8af01fd58972
2024-09-10 17:27:44,793;Capella;6.1.0.202303291413;Open+Representation;;;
2024-09-10 17:27:46,067;Capella;6.1.0.202303291413;Open+Representation;;OK;
2024-09-10 17:29:47,660;Capella;6.1.0.202303291413;Create+Representation;Physical+Architecture+Blank;;037e8b7e-e266-4982-a0c6-8af01fd58972
2024-09-10 17:29:54,907;Capella;6.1.0.202303291413;Create+Representation;Physical+Architecture+Blank;;037e8b7e-e266-4982-a0c6-8af01fd58972
2024-09-10 17:29:54,917;Capella;6.1.0.202303291413;Create+Representation;Physical+Architecture+Blank;OK;037e8b7e-e266-4982-a0c6-8af01fd58972
2024-09-10 17:29:55,148;Capella;6.1.0.202303291413;Create+Representation;Physical+Architecture+Blank;OK;037e8b7e-e266-4982-a0c6-8af01fd58972
2024-09-10 18:09:56,621;Capella;6.1.0.202303291413;Open+Representation;;;
2024-09-10 18:09:56,814;Capella;6.1.0.202303291413;Open+Representation;;OK;
2024-09-10 20:21:48,378;Capella;6.1.0.202303291413;Open+Representation;;;
2024-09-10 20:21:49,283;Capella;6.1.0.202303291413;Open+Representation;;OK;
2024-09-10 21:36:21,194;Capella;6.1.0.202303291413;Open+Representation;;;
2024-09-10 21:36:21,628;Capella;6.1.0.202303291413;Open+Representation;;OK;
2024-09-11 01:00:32,335;Capella;6.1.0.202303291413;Open+Representation;;;
2024-09-11 01:00:33,008;Capella;6.1.0.202303291413;Open+Representation;;OK;
2024-09-11 08:55:14,769;Capella;6.1.0.202303291413;Open+Representation;;;
2024-09-11 08:55:15,026;Capella;6.1.0.202303291413;Open+Representation;;OK;
2024-09-11 09:35:23,005;Capella;6.1.0.202303291413;Open+Representation;;;
2024-09-11 09:35:23,460;Capella;6.1.0.202303291413;Open+Representation;;OK;
2024-09-11 09:36:31,813;Capella;6.1.0.202303291413;Open+Representation;;;
2024-09-11 09:36:32,209;Capella;6.1.0.202303291413;Open+Representation;;OK;
2024-09-12 18:32:29,132;Capella;6.1.0.202303291413;Open+Representation;;;
2024-09-12 18:32:29,436;Capella;6.1.0.202303291413;Open+Representation;;OK;
2024-09-12 18:49:59,375;Capella;6.1.0.202303291413;Open+Representation;;;
2024-09-12 18:49:59,675;Capella;6.1.0.202303291413;Open+Representation;;OK;
2024-09-13 09:49:16,965;Capella;6.1.0.202303291413;Open+Session;5G+NR+%E6%89%8B%E6%9C%BA%E7%9B%B4%E8%BF%9ETP%E8%AF%95%E9%AA%8C%E5%8D%AB%E6%98%9F.aird;;
2024-09-13 09:49:18,035;Capella;6.1.0.202303291413;Open+Session;5G+NR+%E6%89%8B%E6%9C%BA%E7%9B%B4%E8%BF%9ETP%E8%AF%95%E9%AA%8C%E5%8D%AB%E6%98%9F.aird;OK;
2024-09-13 09:49:28,507;Capella;6.1.0.202303291413;Open+Representation;;;
2024-09-13 09:49:29,232;Capella;6.1.0.202303291413;Open+Representation;;OK;
2024-09-13 14:44:42,298;Capella;6.1.0.202303291413;Open+Session;5G+NR+%E6%89%8B%E6%9C%BA%E7%9B%B4%E8%BF%9ETP%E8%AF%95%E9%AA%8C%E5%8D%AB%E6%98%9F.aird;;
2024-09-13 14:44:43,392;Capella;6.1.0.202303291413;Open+Session;5G+NR+%E6%89%8B%E6%9C%BA%E7%9B%B4%E8%BF%9ETP%E8%AF%95%E9%AA%8C%E5%8D%AB%E6%98%9F.aird;OK;
2024-09-13 14:44:48,328;Capella;6.1.0.202303291413;Open+Representation;;;
2024-09-13 14:44:48,751;Capella;6.1.0.202303291413;Open+Representation;;OK;
2024-09-13 16:25:55,158;Capella;6.1.0.202303291413;Open+Session;5G+NR+%E6%89%8B%E6%9C%BA%E7%9B%B4%E8%BF%9ETP%E8%AF%95%E9%AA%8C%E5%8D%AB%E6%98%9F.aird;;
2024-09-13 16:25:55,965;Capella;6.1.0.202303291413;Open+Session;5G+NR+%E6%89%8B%E6%9C%BA%E7%9B%B4%E8%BF%9ETP%E8%AF%95%E9%AA%8C%E5%8D%AB%E6%98%9F.aird;OK;
2024-09-13 16:26:35,895;Capella;6.1.0.202303291413;Open+Representation;;;
2024-09-13 16:26:36,346;Capella;6.1.0.202303291413;Open+Representation;;OK;
2024-09-18 09:08:43,872;Capella;6.1.0.202303291413;Open+Representation;;;
2024-09-18 09:08:44,115;Capella;6.1.0.202303291413;Open+Representation;;OK;
2024-09-18 09:09:11,365;Capella;6.1.0.202303291413;Open+Session;5G+NR+%E6%89%8B%E6%9C%BA%E7%9B%B4%E8%BF%9ETP%E8%AF%95%E9%AA%8C%E5%8D%AB%E6%98%9F.aird;;
2024-09-18 09:09:13,675;Capella;6.1.0.202303291413;Open+Session;5G+NR+%E6%89%8B%E6%9C%BA%E7%9B%B4%E8%BF%9ETP%E8%AF%95%E9%AA%8C%E5%8D%AB%E6%98%9F.aird;;
2024-09-18 09:10:21,356;Capella;6.1.0.202303291413;Open+Representation;;;
2024-09-18 09:10:21,718;Capella;6.1.0.202303291413;Open+Representation;;OK;
2024-09-18 09:11:16,080;Capella;6.1.0.202303291413;Create+Representation;Physical+Architecture+Blank;;037e8b7e-e266-4982-a0c6-8af01fd58972
2024-09-18 09:11:26,641;Capella;6.1.0.202303291413;Create+Representation;Physical+Architecture+Blank;;037e8b7e-e266-4982-a0c6-8af01fd58972
2024-09-18 09:11:26,659;Capella;6.1.0.202303291413;Create+Representation;Physical+Architecture+Blank;OK;037e8b7e-e266-4982-a0c6-8af01fd58972
2024-09-18 09:11:26,867;Capella;6.1.0.202303291413;Create+Representation;Physical+Architecture+Blank;OK;037e8b7e-e266-4982-a0c6-8af01fd58972
2024-09-18 09:14:21,030;Capella;6.1.0.202303291413;Open+Representation;;;
2024-09-18 09:14:21,747;Capella;6.1.0.202303291413;Open+Representation;;OK;
2024-09-18 09:19:40,735;Capella;6.1.0.202303291413;Transition;LC+%2F+LA+to+PC+%2F+PA+Transition;;
2024-09-18 09:19:44,470;Capella;6.1.0.202303291413;Transition;LC+%2F+LA+to+PC+%2F+PA+Transition;ERROR;
2024-09-18 09:19:47,774;Capella;6.1.0.202303291413;Transition;Functional+Transition;;
2024-09-18 09:19:49,358;Capella;6.1.0.202303291413;Transition;Functional+Transition;ERROR;
2024-09-18 10:09:01,581;Capella;6.1.0.202303291413;Open+Representation;;;
2024-09-18 10:09:01,772;Capella;6.1.0.202303291413;Open+Representation;;OK;
2024-09-18 10:42:51,835;Capella;6.1.0.202303291413;Open+Representation;;;
2024-09-18 10:42:52,073;Capella;6.1.0.202303291413;Open+Representation;;OK;
2024-09-18 11:02:29,436;Capella;6.1.0.202303291413;Close+Session;5G+NR+%E6%89%8B%E6%9C%BA%E7%9B%B4%E8%BF%9ETP%E8%AF%95%E9%AA%8C%E5%8D%AB%E6%98%9F.aird;;
2024-09-18 11:02:29,672;Capella;6.1.0.202303291413;Close+Session;5G+NR+%E6%89%8B%E6%9C%BA%E7%9B%B4%E8%BF%9ETP%E8%AF%95%E9%AA%8C%E5%8D%AB%E6%98%9F.aird;OK;
2024-09-18 11:28:13,855;Capella;6.1.0.202303291413;Create+Representation;Physical+Architecture+Blank;;037e8b7e-e266-4982-a0c6-8af01fd58972
2024-09-18 11:28:21,358;Capella;6.1.0.202303291413;Create+Representation;Physical+Architecture+Blank;;037e8b7e-e266-4982-a0c6-8af01fd58972
2024-09-18 11:28:21,364;Capella;6.1.0.202303291413;Create+Representation;Physical+Architecture+Blank;OK;037e8b7e-e266-4982-a0c6-8af01fd58972
2024-09-18 11:28:21,539;Capella;6.1.0.202303291413;Create+Representation;Physical+Architecture+Blank;OK;037e8b7e-e266-4982-a0c6-8af01fd58972
2024-09-18 12:05:06,169;Capella;6.1.0.202303291413;Open+Representation;;;
2024-09-18 12:05:06,396;Capella;6.1.0.202303291413;Open+Representation;;OK;
2024-09-18 12:08:14,410;Capella;6.1.0.202303291413;Open+Representation;;;
2024-09-18 12:08:15,107;Capella;6.1.0.202303291413;Open+Representation;;OK;
2024-09-18 12:16:17,238;Capella;6.1.0.202303291413;Create+Representation;Physical+Architecture+Blank;;037e8b7e-e266-4982-a0c6-8af01fd58972
2024-09-18 12:16:29,740;Capella;6.1.0.202303291413;Create+Representation;Physical+Architecture+Blank;;037e8b7e-e266-4982-a0c6-8af01fd58972
2024-09-18 12:16:29,746;Capella;6.1.0.202303291413;Create+Representation;Physical+Architecture+Blank;OK;037e8b7e-e266-4982-a0c6-8af01fd58972
2024-09-18 12:16:29,936;Capella;6.1.0.202303291413;Create+Representation;Physical+Architecture+Blank;OK;037e8b7e-e266-4982-a0c6-8af01fd58972
2024-09-18 12:42:26,865;Capella;6.1.0.202303291413;Open+Representation;;;
2024-09-18 12:42:27,546;Capella;6.1.0.202303291413;Open+Representation;;OK;
2024-09-18 13:00:00,138;Capella;6.1.0.202303291413;Open+Representation;;;
2024-09-18 13:00:00,402;Capella;6.1.0.202303291413;Open+Representation;;OK;
2024-09-18 13:54:07,810;Capella;6.1.0.202303291413;Open+Representation;;;
2024-09-18 13:54:08,547;Capella;6.1.0.202303291413;Open+Representation;;OK;
2024-09-18 17:11:08,554;Capella;6.1.0.202303291413;Create+Representation;Physical+Architecture+Blank;;037e8b7e-e266-4982-a0c6-8af01fd58972
2024-09-18 17:11:15,989;Capella;6.1.0.202303291413;Create+Representation;Physical+Architecture+Blank;;037e8b7e-e266-4982-a0c6-8af01fd58972
2024-09-18 17:11:15,995;Capella;6.1.0.202303291413;Create+Representation;Physical+Architecture+Blank;OK;037e8b7e-e266-4982-a0c6-8af01fd58972
2024-09-18 17:11:16,220;Capella;6.1.0.202303291413;Create+Representation;Physical+Architecture+Blank;OK;037e8b7e-e266-4982-a0c6-8af01fd58972
2024-09-18 17:15:39,914;Capella;6.1.0.202303291413;Open+Session;5G+NR+%E6%89%8B%E6%9C%BA%E7%9B%B4%E8%BF%9ETP%E8%AF%95%E9%AA%8C%E5%8D%AB%E6%98%9F.aird;;
2024-09-18 17:15:40,758;Capella;6.1.0.202303291413;Open+Session;5G+NR+%E6%89%8B%E6%9C%BA%E7%9B%B4%E8%BF%9ETP%E8%AF%95%E9%AA%8C%E5%8D%AB%E6%98%9F.aird;OK;
2024-09-18 17:15:46,213;Capella;6.1.0.202303291413;Open+Representation;;;
2024-09-18 17:15:46,518;Capella;6.1.0.202303291413;Open+Representation;;OK;
2024-09-18 17:46:23,879;Capella;6.1.0.202303291413;Open+Representation;;;
2024-09-18 17:46:24,564;Capella;6.1.0.202303291413;Open+Representation;;OK;
2024-09-18 18:02:10,494;Capella;6.1.0.202303291413;Open+Representation;;;
2024-09-18 18:02:10,725;Capella;6.1.0.202303291413;Open+Representation;;OK;
2024-09-19 09:54:18,665;Capella;6.1.0.202303291413;Create+Representation;Physical+Architecture+Blank;;037e8b7e-e266-4982-a0c6-8af01fd58972
2024-09-19 09:54:26,761;Capella;6.1.0.202303291413;Create+Representation;Physical+Architecture+Blank;;037e8b7e-e266-4982-a0c6-8af01fd58972
2024-09-19 09:54:26,781;Capella;6.1.0.202303291413;Create+Representation;Physical+Architecture+Blank;OK;037e8b7e-e266-4982-a0c6-8af01fd58972
2024-09-19 09:54:27,266;Capella;6.1.0.202303291413;Create+Representation;Physical+Architecture+Blank;OK;037e8b7e-e266-4982-a0c6-8af01fd58972
2024-09-19 18:41:35,070;Capella;6.1.0.202303291413;Open+Representation;;;
2024-09-19 18:41:35,368;Capella;6.1.0.202303291413;Open+Representation;;OK;
2024-09-19 18:44:52,981;Capella;6.1.0.202303291413;Transition;LC+%2F+LA+to+PC+%2F+PA+Transition;;
2024-09-19 18:44:58,105;Capella;6.1.0.202303291413;Transition;LC+%2F+LA+to+PC+%2F+PA+Transition;OK;
2024-09-20 17:14:54,531;Capella;6.1.0.202303291413;Open+Representation;;;
2024-09-20 17:14:55,549;Capella;6.1.0.202303291413;Open+Representation;;OK;
2024-09-20 17:14:57,903;Capella;6.1.0.202303291413;Open+Representation;;;
2024-09-20 17:14:58,311;Capella;6.1.0.202303291413;Open+Representation;;OK;
2024-09-20 17:16:33,838;Capella;6.1.0.202303291413;Open+Representation;;;
2024-09-20 17:16:34,614;Capella;6.1.0.202303291413;Open+Representation;;OK;
2024-09-20 17:35:16,642;Capella;6.1.0.202303291413;Open+Representation;;;
2024-09-20 17:35:16,895;Capella;6.1.0.202303291413;Open+Representation;;OK;
2024-09-20 17:35:22,045;Capella;6.1.0.202303291413;Open+Representation;;;
2024-09-20 17:35:22,400;Capella;6.1.0.202303291413;Open+Representation;;OK;
2024-09-20 17:52:29,008;Capella;6.1.0.202303291413;Open+Representation;;;
2024-09-20 17:52:29,268;Capella;6.1.0.202303291413;Open+Representation;;OK;
2024-09-24 13:56:43,162;Capella;6.1.0.202303291413;Open+Session;5G+NR+%E6%89%8B%E6%9C%BA%E7%9B%B4%E8%BF%9ETP%E8%AF%95%E9%AA%8C%E5%8D%AB%E6%98%9F.aird;;
2024-09-24 13:56:44,689;Capella;6.1.0.202303291413;Open+Session;5G+NR+%E6%89%8B%E6%9C%BA%E7%9B%B4%E8%BF%9ETP%E8%AF%95%E9%AA%8C%E5%8D%AB%E6%98%9F.aird;OK;
2024-09-24 13:56:50,409;Capella;6.1.0.202303291413;Open+Representation;;;
2024-09-24 13:56:51,305;Capella;6.1.0.202303291413;Open+Representation;;OK;
2024-09-24 15:39:33,986;Capella;6.1.0.202303291413;Open+Representation;;;
2024-09-24 15:39:34,559;Capella;6.1.0.202303291413;Open+Representation;;OK;
2024-09-24 16:04:34,067;Capella;6.1.0.202303291413;Open+Representation;;;
2024-09-24 16:04:34,446;Capella;6.1.0.202303291413;Open+Representation;;OK;
2024-09-25 15:43:39,810;Capella;6.1.0.202303291413;Open+Representation;;;
2024-09-25 15:43:41,217;Capella;6.1.0.202303291413;Open+Representation;;OK;
2024-09-25 17:35:02,550;Capella;6.1.0.202303291413;Open+Representation;;;
2024-09-25 17:35:02,770;Capella;6.1.0.202303291413;Open+Representation;;OK;
2024-09-25 17:35:07,078;Capella;6.1.0.202303291413;Open+Representation;;;
2024-09-25 17:35:07,655;Capella;6.1.0.202303291413;Open+Representation;;OK;
2024-09-26 18:27:36,308;Capella;6.1.0.202303291413;Open+Representation;;;
2024-09-26 18:27:36,734;Capella;6.1.0.202303291413;Open+Representation;;OK;
2024-09-27 16:20:46,995;Capella;6.1.0.202303291413;Open+Representation;;;
2024-09-27 16:20:47,305;Capella;6.1.0.202303291413;Open+Representation;;OK;
2024-09-27 16:20:59,847;Capella;6.1.0.202303291413;Open+Representation;;;
2024-09-27 16:21:00,049;Capella;6.1.0.202303291413;Open+Representation;;OK;
2024-09-27 16:24:06,142;Capella;6.1.0.202303291413;Open+Representation;;;
2024-09-27 16:24:07,027;Capella;6.1.0.202303291413;Open+Representation;;OK;
2024-09-27 16:25:31,703;Capella;6.1.0.202303291413;Open+Representation;;;
2024-09-27 16:25:31,983;Capella;6.1.0.202303291413;Open+Representation;;OK;
2024-09-29 13:37:32,116;Capella;6.1.0.202303291413;Open+Representation;;;
2024-09-29 13:37:33,082;Capella;6.1.0.202303291413;Open+Representation;;OK;
2024-09-29 13:43:29,788;Capella;6.1.0.202303291413;Close+Session;5G+NR+%E6%89%8B%E6%9C%BA%E7%9B%B4%E8%BF%9ETP%E8%AF%95%E9%AA%8C%E5%8D%AB%E6%98%9F.aird;;
2024-09-29 13:43:30,173;Capella;6.1.0.202303291413;Close+Session;5G+NR+%E6%89%8B%E6%9C%BA%E7%9B%B4%E8%BF%9ETP%E8%AF%95%E9%AA%8C%E5%8D%AB%E6%98%9F.aird;OK;
2024-09-29 13:44:15,682;Capella;6.1.0.202303291413;Open+Session;5G+NR+%E6%89%8B%E6%9C%BA%E7%9B%B4%E8%BF%9ETP%E8%AF%95%E9%AA%8C%E5%8D%AB%E6%98%9F.aird;;
2024-09-29 13:44:16,698;Capella;6.1.0.202303291413;Open+Session;5G+NR+%E6%89%8B%E6%9C%BA%E7%9B%B4%E8%BF%9ETP%E8%AF%95%E9%AA%8C%E5%8D%AB%E6%98%9F.aird;OK;
2024-09-29 13:44:22,953;Capella;6.1.0.202303291413;Open+Representation;;;
2024-09-29 13:44:23,497;Capella;6.1.0.202303291413;Open+Representation;;OK;
2024-09-29 13:57:34,741;Capella;6.1.0.202303291413;Open+Session;5G+NR+%E6%89%8B%E6%9C%BA%E7%9B%B4%E8%BF%9ETP%E8%AF%95%E9%AA%8C%E5%8D%AB%E6%98%9F.aird;;
2024-09-29 13:57:35,974;Capella;6.1.0.202303291413;Open+Session;5G+NR+%E6%89%8B%E6%9C%BA%E7%9B%B4%E8%BF%9ETP%E8%AF%95%E9%AA%8C%E5%8D%AB%E6%98%9F.aird;OK;
2024-09-29 14:00:04,730;Capella;6.1.0.202303291413;Open+Session;5G+NR+%E6%89%8B%E6%9C%BA%E7%9B%B4%E8%BF%9ETP%E8%AF%95%E9%AA%8C%E5%8D%AB%E6%98%9F.aird;;
2024-09-29 14:00:05,668;Capella;6.1.0.202303291413;Open+Session;5G+NR+%E6%89%8B%E6%9C%BA%E7%9B%B4%E8%BF%9ETP%E8%AF%95%E9%AA%8C%E5%8D%AB%E6%98%9F.aird;OK;
2024-09-29 14:01:15,834;Capella;6.1.0.202303291413;Open+Representation;;;
2024-09-29 14:01:16,748;Capella;6.1.0.202303291413;Open+Representation;;OK;
2024-09-29 14:08:10,635;Capella;6.1.0.202303291413;Open+Session;5G+NR+%E6%89%8B%E6%9C%BA%E7%9B%B4%E8%BF%9ETP%E8%AF%95%E9%AA%8C%E5%8D%AB%E6%98%9F.aird;;
2024-09-29 14:08:11,493;Capella;6.1.0.202303291413;Open+Session;5G+NR+%E6%89%8B%E6%9C%BA%E7%9B%B4%E8%BF%9ETP%E8%AF%95%E9%AA%8C%E5%8D%AB%E6%98%9F.aird;OK;
2024-09-29 14:08:18,463;Capella;6.1.0.202303291413;Open+Representation;;;
2024-09-29 14:08:19,241;Capella;6.1.0.202303291413;Open+Representation;;OK;
2024-09-29 14:15:52,477;Capella;6.1.0.202303291413;Open+Session;5G+NR+%E6%89%8B%E6%9C%BA%E7%9B%B4%E8%BF%9ETP%E8%AF%95%E9%AA%8C%E5%8D%AB%E6%98%9F.aird;;
2024-09-29 14:15:53,333;Capella;6.1.0.202303291413;Open+Session;5G+NR+%E6%89%8B%E6%9C%BA%E7%9B%B4%E8%BF%9ETP%E8%AF%95%E9%AA%8C%E5%8D%AB%E6%98%9F.aird;OK;
2024-09-29 14:16:00,783;Capella;6.1.0.202303291413;Open+Representation;;;
2024-09-29 14:16:01,240;Capella;6.1.0.202303291413;Open+Representation;;OK;
2024-09-29 14:28:02,273;Capella;6.1.0.202303291413;Open+Representation;;;
2024-09-29 14:28:02,872;Capella;6.1.0.202303291413;Open+Representation;;OK;
2024-09-29 14:28:47,318;Capella;6.1.0.202303291413;Open+Session;5G+NR+%E6%89%8B%E6%9C%BA%E7%9B%B4%E8%BF%9ETP%E8%AF%95%E9%AA%8C%E5%8D%AB%E6%98%9F.aird;;
2024-09-29 14:28:48,156;Capella;6.1.0.202303291413;Open+Session;5G+NR+%E6%89%8B%E6%9C%BA%E7%9B%B4%E8%BF%9ETP%E8%AF%95%E9%AA%8C%E5%8D%AB%E6%98%9F.aird;OK;
2024-09-29 14:28:54,818;Capella;6.1.0.202303291413;Open+Representation;;;
2024-09-29 14:28:55,139;Capella;6.1.0.202303291413;Open+Representation;;OK;
2024-09-29 15:09:23,841;Capella;6.1.0.202303291413;Open+Representation;;;
2024-09-29 15:09:24,187;Capella;6.1.0.202303291413;Open+Representation;;OK;
2024-09-29 15:13:32,846;Capella;6.1.0.202303291413;Close+Session;5G+NR+%E6%89%8B%E6%9C%BA%E7%9B%B4%E8%BF%9ETP%E8%AF%95%E9%AA%8C%E5%8D%AB%E6%98%9F.aird;;
2024-09-29 15:13:33,031;Capella;6.1.0.202303291413;Close+Session;5G+NR+%E6%89%8B%E6%9C%BA%E7%9B%B4%E8%BF%9ETP%E8%AF%95%E9%AA%8C%E5%8D%AB%E6%98%9F.aird;OK;
2024-09-29 15:20:06,661;Capella;6.1.0.202303291413;Open+Session;5G+NR+%E6%89%8B%E6%9C%BA%E7%9B%B4%E8%BF%9ETP%E8%AF%95%E9%AA%8C%E5%8D%AB%E6%98%9F.aird;;
2024-09-29 15:20:07,484;Capella;6.1.0.202303291413;Open+Session;5G+NR+%E6%89%8B%E6%9C%BA%E7%9B%B4%E8%BF%9ETP%E8%AF%95%E9%AA%8C%E5%8D%AB%E6%98%9F.aird;OK;
2024-09-29 15:20:27,569;Capella;6.1.0.202303291413;Open+Representation;;;
2024-09-29 15:20:27,902;Capella;6.1.0.202303291413;Open+Representation;;OK;
2024-09-29 15:20:38,158;Capella;6.1.0.202303291413;Close+Session;5G+NR+%E6%89%8B%E6%9C%BA%E7%9B%B4%E8%BF%9ETP%E8%AF%95%E9%AA%8C%E5%8D%AB%E6%98%9F.aird;;
2024-09-29 15:20:38,320;Capella;6.1.0.202303291413;Close+Session;5G+NR+%E6%89%8B%E6%9C%BA%E7%9B%B4%E8%BF%9ETP%E8%AF%95%E9%AA%8C%E5%8D%AB%E6%98%9F.aird;OK;
2024-09-29 15:20:55,960;Capella;6.1.0.202303291413;Open+Session;5G+NR+%E6%89%8B%E6%9C%BA%E7%9B%B4%E8%BF%9ETP%E8%AF%95%E9%AA%8C%E5%8D%AB%E6%98%9F.aird;;
2024-09-29 15:20:56,658;Capella;6.1.0.202303291413;Open+Session;5G+NR+%E6%89%8B%E6%9C%BA%E7%9B%B4%E8%BF%9ETP%E8%AF%95%E9%AA%8C%E5%8D%AB%E6%98%9F.aird;OK;
2024-09-29 15:21:02,505;Capella;6.1.0.202303291413;Open+Representation;;;
2024-09-29 15:21:02,807;Capella;6.1.0.202303291413;Open+Representation;;OK;
2024-09-29 15:21:24,639;Capella;6.1.0.202303291413;Close+Session;5G+NR+%E6%89%8B%E6%9C%BA%E7%9B%B4%E8%BF%9ETP%E8%AF%95%E9%AA%8C%E5%8D%AB%E6%98%9F.aird;;
2024-09-29 15:21:24,792;Capella;6.1.0.202303291413;Close+Session;5G+NR+%E6%89%8B%E6%9C%BA%E7%9B%B4%E8%BF%9ETP%E8%AF%95%E9%AA%8C%E5%8D%AB%E6%98%9F.aird;OK;
2024-09-29 15:23:47,816;Capella;6.1.0.202303291413;Open+Session;5G+NR+%E6%89%8B%E6%9C%BA%E7%9B%B4%E8%BF%9ETP%E8%AF%95%E9%AA%8C%E5%8D%AB%E6%98%9F.aird;;
2024-09-29 15:23:48,623;Capella;6.1.0.202303291413;Open+Session;5G+NR+%E6%89%8B%E6%9C%BA%E7%9B%B4%E8%BF%9ETP%E8%AF%95%E9%AA%8C%E5%8D%AB%E6%98%9F.aird;OK;
2024-09-29 15:23:53,136;Capella;6.1.0.202303291413;Open+Representation;;;
2024-09-29 15:23:53,444;Capella;6.1.0.202303291413;Open+Representation;;OK;
2024-09-29 15:25:52,522;Capella;6.1.0.202303291413;Open+Representation;;;
2024-09-29 15:25:52,847;Capella;6.1.0.202303291413;Open+Representation;;OK;
2024-09-29 15:56:06,191;Capella;6.1.0.202303291413;Close+Session;5G+NR+%E6%89%8B%E6%9C%BA%E7%9B%B4%E8%BF%9ETP%E8%AF%95%E9%AA%8C%E5%8D%AB%E6%98%9F.aird;;
2024-09-29 15:56:06,353;Capella;6.1.0.202303291413;Close+Session;5G+NR+%E6%89%8B%E6%9C%BA%E7%9B%B4%E8%BF%9ETP%E8%AF%95%E9%AA%8C%E5%8D%AB%E6%98%9F.aird;OK;
2024-09-29 15:56:15,282;Capella;6.1.0.202303291413;Open+Session;5G+NR+%E6%89%8B%E6%9C%BA%E7%9B%B4%E8%BF%9ETP%E8%AF%95%E9%AA%8C%E5%8D%AB%E6%98%9F.aird;;
2024-09-29 15:56:16,097;Capella;6.1.0.202303291413;Open+Session;5G+NR+%E6%89%8B%E6%9C%BA%E7%9B%B4%E8%BF%9ETP%E8%AF%95%E9%AA%8C%E5%8D%AB%E6%98%9F.aird;OK;
2024-09-29 15:56:26,857;Capella;6.1.0.202303291413;Open+Representation;;;
2024-09-29 15:56:27,203;Capella;6.1.0.202303291413;Open+Representation;;OK;
2024-09-29 16:00:07,427;Capella;6.1.0.202303291413;Open+Representation;;;
2024-09-29 16:00:07,676;Capella;6.1.0.202303291413;Open+Representation;;OK;
2024-09-29 16:00:19,402;Capella;6.1.0.202303291413;Open+Representation;;;
2024-09-29 16:00:19,725;Capella;6.1.0.202303291413;Open+Representation;;OK;
2024-09-30 16:16:52,260;Capella;6.1.0.202303291413;Open+Representation;;;
2024-09-30 16:16:52,847;Capella;6.1.0.202303291413;Open+Representation;;OK;
2024-10-09 09:26:46,207;Capella;6.1.0.202303291413;Open+Representation;;;
2024-10-09 09:26:46,983;Capella;6.1.0.202303291413;Open+Representation;;OK;
2024-10-09 09:31:56,620;Capella;6.1.0.202303291413;Open+Representation;;;
2024-10-09 09:31:57,376;Capella;6.1.0.202303291413;Open+Representation;;OK;
2024-10-09 09:53:58,220;Capella;6.1.0.202303291413;Open+Session;5G+NR+%E6%89%8B%E6%9C%BA%E7%9B%B4%E8%BF%9ETP%E8%AF%95%E9%AA%8C%E5%8D%AB%E6%98%9F.aird;;
2024-10-09 09:53:59,615;Capella;6.1.0.202303291413;Open+Session;5G+NR+%E6%89%8B%E6%9C%BA%E7%9B%B4%E8%BF%9ETP%E8%AF%95%E9%AA%8C%E5%8D%AB%E6%98%9F.aird;OK;
2024-10-09 09:54:08,570;Capella;6.1.0.202303291413;Open+Representation;;;
2024-10-09 09:54:09,085;Capella;6.1.0.202303291413;Open+Representation;;OK;
2024-10-09 14:10:32,140;Capella;6.1.0.202303291413;Open+Representation;;;
2024-10-09 14:10:32,671;Capella;6.1.0.202303291413;Open+Representation;;OK;
2024-10-09 14:11:41,111;Capella;6.1.0.202303291413;Open+Representation;;;
2024-10-09 14:11:41,872;Capella;6.1.0.202303291413;Open+Representation;;OK;
2024-10-16 16:37:47,435;Capella;6.1.0.202303291413;Close+Session;5G+NR+%E6%89%8B%E6%9C%BA%E7%9B%B4%E8%BF%9ETP%E8%AF%95%E9%AA%8C%E5%8D%AB%E6%98%9F.aird;;
2024-10-16 16:37:47,917;Capella;6.1.0.202303291413;Close+Session;5G+NR+%E6%89%8B%E6%9C%BA%E7%9B%B4%E8%BF%9ETP%E8%AF%95%E9%AA%8C%E5%8D%AB%E6%98%9F.aird;OK;
2024-10-16 16:37:55,454;Capella;6.1.0.202303291413;Close+Session;5G+NR+%E6%89%8B%E6%9C%BA%E7%9B%B4%E8%BF%9ETP%E8%AF%95%E9%AA%8C%E5%8D%AB%E6%98%9F.aird;;
2024-10-16 16:37:55,628;Capella;6.1.0.202303291413;Close+Session;5G+NR+%E6%89%8B%E6%9C%BA%E7%9B%B4%E8%BF%9ETP%E8%AF%95%E9%AA%8C%E5%8D%AB%E6%98%9F.aird;OK;
2024-10-16 16:38:02,281;Capella;6.1.0.202303291413;Close+Session;5G+NR+%E6%89%8B%E6%9C%BA%E7%9B%B4%E8%BF%9ETP%E8%AF%95%E9%AA%8C%E5%8D%AB%E6%98%9F.aird;;
2024-10-16 16:38:02,436;Capella;6.1.0.202303291413;Close+Session;5G+NR+%E6%89%8B%E6%9C%BA%E7%9B%B4%E8%BF%9ETP%E8%AF%95%E9%AA%8C%E5%8D%AB%E6%98%9F.aird;OK;
2024-10-16 16:38:06,143;Capella;6.1.0.202303291413;Close+Session;5G+NR+%E6%89%8B%E6%9C%BA%E7%9B%B4%E8%BF%9ETP%E8%AF%95%E9%AA%8C%E5%8D%AB%E6%98%9F.aird;;
2024-10-16 16:38:06,297;Capella;6.1.0.202303291413;Close+Session;5G+NR+%E6%89%8B%E6%9C%BA%E7%9B%B4%E8%BF%9ETP%E8%AF%95%E9%AA%8C%E5%8D%AB%E6%98%9F.aird;OK;
2024-10-16 16:57:47,417;Capella;6.1.0.202303291413;Open+Session;5G+NR+%E6%89%8B%E6%9C%BA%E7%9B%B4%E8%BF%9ETP%E8%AF%95%E9%AA%8C%E5%8D%AB%E6%98%9F.aird;;
2024-10-16 16:57:48,959;Capella;6.1.0.202303291413;Open+Session;5G+NR+%E6%89%8B%E6%9C%BA%E7%9B%B4%E8%BF%9ETP%E8%AF%95%E9%AA%8C%E5%8D%AB%E6%98%9F.aird;OK;
2024-10-16 17:58:03,360;Capella;6.1.0.202303291413;Open+Representation;;;
2024-10-16 17:58:04,278;Capella;6.1.0.202303291413;Open+Representation;;OK;
2024-10-16 18:02:27,001;Capella;6.1.0.202303291413;Open+Representation;;;
2024-10-16 18:02:27,335;Capella;6.1.0.202303291413;Open+Representation;;OK;
2024-10-16 18:02:35,248;Capella;6.1.0.202303291413;Open+Representation;;;
2024-10-16 18:02:35,329;Capella;6.1.0.202303291413;Open+Representation;;OK;
2024-10-16 18:18:37,150;Capella;6.1.0.202303291413;Open+Session;5G+NR+%E6%89%8B%E6%9C%BA%E7%9B%B4%E8%BF%9ETP%E8%AF%95%E9%AA%8C%E5%8D%AB%E6%98%9F.aird;;
2024-10-16 18:18:38,114;Capella;6.1.0.202303291413;Open+Session;5G+NR+%E6%89%8B%E6%9C%BA%E7%9B%B4%E8%BF%9ETP%E8%AF%95%E9%AA%8C%E5%8D%AB%E6%98%9F.aird;OK;
2024-10-16 18:18:47,129;Capella;6.1.0.202303291413;Open+Representation;;;
2024-10-16 18:18:47,853;Capella;6.1.0.202303291413;Open+Representation;;OK;
2024-10-16 18:19:16,425;Capella;6.1.0.202303291413;Open+Representation;;;
2024-10-16 18:19:16,904;Capella;6.1.0.202303291413;Open+Representation;;OK;
2024-10-16 18:20:09,088;Capella;6.1.0.202303291413;Open+Session;5G+NR+%E6%89%8B%E6%9C%BA%E7%9B%B4%E8%BF%9ETP%E8%AF%95%E9%AA%8C%E5%8D%AB%E6%98%9F.aird;;
2024-10-16 18:20:10,000;Capella;6.1.0.202303291413;Open+Session;5G+NR+%E6%89%8B%E6%9C%BA%E7%9B%B4%E8%BF%9ETP%E8%AF%95%E9%AA%8C%E5%8D%AB%E6%98%9F.aird;OK;
2024-10-16 18:20:27,074;Capella;6.1.0.202303291413;Open+Representation;;;
2024-10-16 18:20:27,301;Capella;6.1.0.202303291413;Open+Representation;;OK;
2024-10-16 18:20:48,465;Capella;6.1.0.202303291413;Open+Representation;;;
2024-10-16 18:20:49,047;Capella;6.1.0.202303291413;Open+Representation;;OK;
2024-10-16 18:39:05,811;Capella;6.1.0.202303291413;Open+Representation;;;
2024-10-16 18:39:06,231;Capella;6.1.0.202303291413;Open+Representation;;OK;
2024-10-16 18:39:38,321;Capella;6.1.0.202303291413;Open+Representation;;;
2024-10-16 18:39:38,587;Capella;6.1.0.202303291413;Open+Representation;;OK;
2024-10-16 18:40:03,861;Capella;6.1.0.202303291413;Close+Session;5G+NR+%E6%89%8B%E6%9C%BA%E7%9B%B4%E8%BF%9ETP%E8%AF%95%E9%AA%8C%E5%8D%AB%E6%98%9F.aird;;
2024-10-16 18:40:04,023;Capella;6.1.0.202303291413;Close+Session;5G+NR+%E6%89%8B%E6%9C%BA%E7%9B%B4%E8%BF%9ETP%E8%AF%95%E9%AA%8C%E5%8D%AB%E6%98%9F.aird;OK;
2024-10-16 18:40:07,411;Capella;6.1.0.202303291413;Close+Session;5G+NR+%E6%89%8B%E6%9C%BA%E7%9B%B4%E8%BF%9ETP%E8%AF%95%E9%AA%8C%E5%8D%AB%E6%98%9F.aird;;
2024-10-16 18:40:07,566;Capella;6.1.0.202303291413;Close+Session;5G+NR+%E6%89%8B%E6%9C%BA%E7%9B%B4%E8%BF%9ETP%E8%AF%95%E9%AA%8C%E5%8D%AB%E6%98%9F.aird;OK;
2024-10-16 18:43:03,443;Capella;6.1.0.202303291413;Open+Session;5G+NR+%E6%89%8B%E6%9C%BA%E7%9B%B4%E8%BF%9ETP%E8%AF%95%E9%AA%8C%E5%8D%AB%E6%98%9F.aird;;
2024-10-16 18:43:04,288;Capella;6.1.0.202303291413;Open+Session;5G+NR+%E6%89%8B%E6%9C%BA%E7%9B%B4%E8%BF%9ETP%E8%AF%95%E9%AA%8C%E5%8D%AB%E6%98%9F.aird;OK;
2024-10-16 18:43:10,753;Capella;6.1.0.202303291413;Open+Representation;;;
2024-10-16 18:43:11,393;Capella;6.1.0.202303291413;Open+Representation;;OK;
2024-10-16 18:53:33,823;Capella;6.1.0.202303291413;Create+Representation;Physical+Architecture+Blank;;037e8b7e-e266-4982-a0c6-8af01fd58972
2024-10-16 18:53:35,542;Capella;6.1.0.202303291413;Create+Representation;Physical+Architecture+Blank;;037e8b7e-e266-4982-a0c6-8af01fd58972
2024-10-16 18:53:35,555;Capella;6.1.0.202303291413;Create+Representation;Physical+Architecture+Blank;OK;037e8b7e-e266-4982-a0c6-8af01fd58972
2024-10-16 18:53:35,824;Capella;6.1.0.202303291413;Create+Representation;Physical+Architecture+Blank;OK;037e8b7e-e266-4982-a0c6-8af01fd58972
2024-10-16 18:55:21,939;Capella;6.1.0.202303291413;Open+Representation;;;
2024-10-16 18:55:22,242;Capella;6.1.0.202303291413;Open+Representation;;OK;
2024-10-16 18:58:06,931;Capella;6.1.0.202303291413;Open+Session;5G+NR+%E6%89%8B%E6%9C%BA%E7%9B%B4%E8%BF%9ETP%E8%AF%95%E9%AA%8C%E5%8D%AB%E6%98%9F.aird;;
2024-10-16 18:58:07,776;Capella;6.1.0.202303291413;Open+Session;5G+NR+%E6%89%8B%E6%9C%BA%E7%9B%B4%E8%BF%9ETP%E8%AF%95%E9%AA%8C%E5%8D%AB%E6%98%9F.aird;OK;
2024-10-16 18:58:23,850;Capella;6.1.0.202303291413;Open+Representation;;;
2024-10-16 18:58:24,016;Capella;6.1.0.202303291413;Open+Representation;;OK;
2024-10-16 18:58:39,995;Capella;6.1.0.202303291413;Open+Representation;;;
2024-10-16 18:58:40,200;Capella;6.1.0.202303291413;Open+Representation;;OK;
2024-10-16 19:00:54,851;Capella;6.1.0.202303291413;Open+Representation;;;
2024-10-16 19:00:55,157;Capella;6.1.0.202303291413;Open+Representation;;OK;
2024-10-16 19:29:43,382;Capella;6.1.0.202303291413;Open+Representation;;;
2024-10-16 19:29:44,220;Capella;6.1.0.202303291413;Open+Representation;;OK;
2024-10-16 19:35:55,694;Capella;6.1.0.202303291413;Open+Representation;;;
2024-10-16 19:35:56,477;Capella;6.1.0.202303291413;Open+Representation;;OK;
2024-10-16 19:39:45,301;Capella;6.1.0.202303291413;Open+Representation;;;
2024-10-16 19:39:45,600;Capella;6.1.0.202303291413;Open+Representation;;OK;
2024-10-16 20:08:05,269;Capella;6.1.0.202303291413;Open+Representation;;;
2024-10-16 20:08:05,335;Capella;6.1.0.202303291413;Open+Representation;;OK;
2024-10-17 09:42:53,072;Capella;6.1.0.202303291413;Open+Session;5G+NR+%E6%89%8B%E6%9C%BA%E7%9B%B4%E8%BF%9ETP%E8%AF%95%E9%AA%8C%E5%8D%AB%E6%98%9F.aird;;
2024-10-17 09:42:53,966;Capella;6.1.0.202303291413;Open+Session;5G+NR+%E6%89%8B%E6%9C%BA%E7%9B%B4%E8%BF%9ETP%E8%AF%95%E9%AA%8C%E5%8D%AB%E6%98%9F.aird;OK;
2024-10-17 09:45:05,899;Capella;6.1.0.202303291413;Open+Representation;;;
2024-10-17 09:45:06,248;Capella;6.1.0.202303291413;Open+Representation;;OK;
2024-10-17 09:49:32,314;Capella;6.1.0.202303291413;Open+Session;5G+NR+%E6%89%8B%E6%9C%BA%E7%9B%B4%E8%BF%9ETP%E8%AF%95%E9%AA%8C%E5%8D%AB%E6%98%9F.aird;;
2024-10-17 09:49:33,164;Capella;6.1.0.202303291413;Open+Session;5G+NR+%E6%89%8B%E6%9C%BA%E7%9B%B4%E8%BF%9ETP%E8%AF%95%E9%AA%8C%E5%8D%AB%E6%98%9F.aird;OK;
2024-10-17 09:51:20,907;Capella;6.1.0.202303291413;Open+Representation;;;
2024-10-17 09:51:21,685;Capella;6.1.0.202303291413;Open+Representation;;OK;
2024-10-17 10:08:01,783;Capella;6.1.0.202303291413;Open+Session;5G+NR+%E6%89%8B%E6%9C%BA%E7%9B%B4%E8%BF%9ETP%E8%AF%95%E9%AA%8C%E5%8D%AB%E6%98%9F.aird;;
2024-10-17 10:08:02,648;Capella;6.1.0.202303291413;Open+Session;5G+NR+%E6%89%8B%E6%9C%BA%E7%9B%B4%E8%BF%9ETP%E8%AF%95%E9%AA%8C%E5%8D%AB%E6%98%9F.aird;OK;
2024-10-17 10:08:07,725;Capella;6.1.0.202303291413;Open+Representation;;;
2024-10-17 10:08:08,124;Capella;6.1.0.202303291413;Open+Representation;;OK;
2024-10-17 10:32:29,139;Capella;6.1.0.202303291413;Open+Session;5G+NR+%E6%89%8B%E6%9C%BA%E7%9B%B4%E8%BF%9ETP%E8%AF%95%E9%AA%8C%E5%8D%AB%E6%98%9F.aird;;
2024-10-17 10:32:29,957;Capella;6.1.0.202303291413;Open+Session;5G+NR+%E6%89%8B%E6%9C%BA%E7%9B%B4%E8%BF%9ETP%E8%AF%95%E9%AA%8C%E5%8D%AB%E6%98%9F.aird;OK;
2024-10-17 10:32:51,418;Capella;6.1.0.202303291413;Open+Session;5G+NR+%E6%89%8B%E6%9C%BA%E7%9B%B4%E8%BF%9ETP%E8%AF%95%E9%AA%8C%E5%8D%AB%E6%98%9F.aird;;
2024-10-17 10:32:52,248;Capella;6.1.0.202303291413;Open+Session;5G+NR+%E6%89%8B%E6%9C%BA%E7%9B%B4%E8%BF%9ETP%E8%AF%95%E9%AA%8C%E5%8D%AB%E6%98%9F.aird;OK;
2024-10-17 10:32:59,797;Capella;6.1.0.202303291413;Open+Representation;;;
2024-10-17 10:33:00,392;Capella;6.1.0.202303291413;Open+Representation;;OK;
2024-10-17 10:36:12,937;Capella;6.1.0.202303291413;Open+Session;5G+NR+%E6%89%8B%E6%9C%BA%E7%9B%B4%E8%BF%9ETP%E8%AF%95%E9%AA%8C%E5%8D%AB%E6%98%9F.aird;;
2024-10-17 10:36:13,735;Capella;6.1.0.202303291413;Open+Session;5G+NR+%E6%89%8B%E6%9C%BA%E7%9B%B4%E8%BF%9ETP%E8%AF%95%E9%AA%8C%E5%8D%AB%E6%98%9F.aird;OK;
2024-10-17 10:36:19,236;Capella;6.1.0.202303291413;Open+Representation;;;
2024-10-17 10:36:19,589;Capella;6.1.0.202303291413;Open+Representation;;OK;
2024-10-17 11:17:05,303;Capella;6.1.0.202303291413;Open+Representation;;;
2024-10-17 11:17:06,017;Capella;6.1.0.202303291413;Open+Representation;;OK;
2024-10-17 11:17:22,029;Capella;6.1.0.202303291413;Open+Representation;;;
2024-10-17 11:17:22,257;Capella;6.1.0.202303291413;Open+Representation;;OK;
2024-10-17 11:17:24,607;Capella;6.1.0.202303291413;Open+Representation;;;
2024-10-17 11:17:25,293;Capella;6.1.0.202303291413;Open+Representation;;OK;
2024-10-17 11:20:40,901;Capella;6.1.0.202303291413;Create+Representation;Mode+State+Machine;;4eace7ed-5f5e-443d-bcca-54b7d3bc8af6
2024-10-17 11:20:42,383;Capella;6.1.0.202303291413;Create+Representation;Mode+State+Machine;;4eace7ed-5f5e-443d-bcca-54b7d3bc8af6
2024-10-17 11:20:42,412;Capella;6.1.0.202303291413;Create+Representation;Mode+State+Machine;OK;4eace7ed-5f5e-443d-bcca-54b7d3bc8af6
2024-10-17 11:20:42,545;Capella;6.1.0.202303291413;Create+Representation;Mode+State+Machine;OK;4eace7ed-5f5e-443d-bcca-54b7d3bc8af6
2024-10-17 13:02:49,933;Capella;6.1.0.202303291413;Open+Representation;;;
2024-10-17 13:02:50,658;Capella;6.1.0.202303291413;Open+Representation;;OK;
2024-10-17 13:24:24,719;Capella;6.1.0.202303291413;Open+Representation;;;
2024-10-17 13:24:25,044;Capella;6.1.0.202303291413;Open+Representation;;OK;
2024-10-17 13:31:38,296;Capella;6.1.0.202303291413;Open+Representation;;;
2024-10-17 13:31:38,548;Capella;6.1.0.202303291413;Open+Representation;;OK;
2024-10-17 13:36:20,512;Capella;6.1.0.202303291413;Open+Representation;;;
2024-10-17 13:36:20,699;Capella;6.1.0.202303291413;Open+Representation;;OK;
2024-10-17 19:43:00,097;Capella;6.1.0.202303291413;Open+Representation;;;
2024-10-17 19:43:00,290;Capella;6.1.0.202303291413;Open+Representation;;OK;
2024-10-17 19:43:08,409;Capella;6.1.0.202303291413;Open+Representation;;;
2024-10-17 19:43:08,723;Capella;6.1.0.202303291413;Open+Representation;;OK;
2024-10-18 16:54:01,542;Capella;6.1.0.202303291413;Open+Representation;;;
2024-10-18 16:54:02,283;Capella;6.1.0.202303291413;Open+Representation;;OK;
2024-10-18 17:11:04,435;Capella;6.1.0.202303291413;Close+Session;5G+NR+%E6%89%8B%E6%9C%BA%E7%9B%B4%E8%BF%9ETP%E8%AF%95%E9%AA%8C%E5%8D%AB%E6%98%9F.aird;;
2024-10-18 17:11:04,793;Capella;6.1.0.202303291413;Close+Session;5G+NR+%E6%89%8B%E6%9C%BA%E7%9B%B4%E8%BF%9ETP%E8%AF%95%E9%AA%8C%E5%8D%AB%E6%98%9F.aird;OK;
2024-10-18 19:09:06,072;Capella;6.1.0.202303291413;Close+Session;5G+NR+%E6%89%8B%E6%9C%BA%E7%9B%B4%E8%BF%9ETP%E8%AF%95%E9%AA%8C%E5%8D%AB%E6%98%9F.aird;;
2024-10-18 19:09:06,234;Capella;6.1.0.202303291413;Close+Session;5G+NR+%E6%89%8B%E6%9C%BA%E7%9B%B4%E8%BF%9ETP%E8%AF%95%E9%AA%8C%E5%8D%AB%E6%98%9F.aird;OK;
2024-10-19 09:20:38,774;Capella;6.1.0.202303291413;Open+Representation;;;
2024-10-19 09:20:43,502;Capella;6.1.0.202303291413;Open+Representation;;OK;
2024-10-19 09:21:03,361;Capella;6.1.0.202303291413;Open+Representation;;;
2024-10-19 09:21:03,885;Capella;6.1.0.202303291413;Open+Representation;;OK;
2024-10-19 09:21:08,078;Capella;6.1.0.202303291413;Open+Representation;;;
2024-10-19 09:21:08,760;Capella;6.1.0.202303291413;Open+Representation;;OK;
2024-10-19 09:21:19,560;Capella;6.1.0.202303291413;Open+Representation;;;
2024-10-19 09:21:19,634;Capella;6.1.0.202303291413;Open+Representation;;OK;
2024-10-19 09:21:31,683;Capella;6.1.0.202303291413;Open+Representation;;;
2024-10-19 09:21:31,749;Capella;6.1.0.202303291413;Open+Representation;;OK;
2024-10-19 09:21:32,824;Capella;6.1.0.202303291413;Open+Representation;;;
2024-10-19 09:21:33,291;Capella;6.1.0.202303291413;Open+Representation;;OK;
2024-10-19 09:22:15,960;Capella;6.1.0.202303291413;Open+Representation;;;
2024-10-19 09:22:16,050;Capella;6.1.0.202303291413;Open+Representation;;OK;
2024-10-19 09:33:37,864;Capella;6.1.0.202303291413;Close+Session;5G+NR+%E6%89%8B%E6%9C%BA%E7%9B%B4%E8%BF%9ETP%E8%AF%95%E9%AA%8C%E5%8D%AB%E6%98%9F.aird;;
2024-10-19 09:33:38,164;Capella;6.1.0.202303291413;Close+Session;5G+NR+%E6%89%8B%E6%9C%BA%E7%9B%B4%E8%BF%9ETP%E8%AF%95%E9%AA%8C%E5%8D%AB%E6%98%9F.aird;OK;
2024-10-19 11:27:42,780;Capella;6.1.0.202303291413;Open+Session;5G+NR+%E6%89%8B%E6%9C%BA%E7%9B%B4%E8%BF%9ETP%E8%AF%95%E9%AA%8C%E5%8D%AB%E6%98%9F.aird;;
2024-10-19 11:27:44,265;Capella;6.1.0.202303291413;Open+Session;5G+NR+%E6%89%8B%E6%9C%BA%E7%9B%B4%E8%BF%9ETP%E8%AF%95%E9%AA%8C%E5%8D%AB%E6%98%9F.aird;OK;
2024-10-19 11:28:12,417;Capella;6.1.0.202303291413;Open+Representation;;;
2024-10-19 11:28:15,783;Capella;6.1.0.202303291413;Open+Representation;;OK;
2024-10-19 11:28:25,020;Capella;6.1.0.202303291413;Open+Representation;;;
2024-10-19 11:28:25,924;Capella;6.1.0.202303291413;Open+Representation;;OK;
2024-10-19 11:28:37,598;Capella;6.1.0.202303291413;Open+Representation;;;
2024-10-19 11:28:37,699;Capella;6.1.0.202303291413;Open+Representation;;OK;
2024-10-19 11:54:39,172;Capella;6.1.0.202303291413;Open+Representation;;;
2024-10-19 11:54:40,387;Capella;6.1.0.202303291413;Open+Representation;;OK;
2024-10-19 15:38:59,079;Capella;6.1.0.202303291413;Close+Session;5G+NR+%E6%89%8B%E6%9C%BA%E7%9B%B4%E8%BF%9ETP%E8%AF%95%E9%AA%8C%E5%8D%AB%E6%98%9F.aird;;
2024-10-19 15:38:59,347;Capella;6.1.0.202303291413;Close+Session;5G+NR+%E6%89%8B%E6%9C%BA%E7%9B%B4%E8%BF%9ETP%E8%AF%95%E9%AA%8C%E5%8D%AB%E6%98%9F.aird;OK;
2024-10-19 15:39:22,038;Capella;6.1.0.202303291413;Open+Session;5G+NR+%E6%89%8B%E6%9C%BA%E7%9B%B4%E8%BF%9ETP%E8%AF%95%E9%AA%8C%E5%8D%AB%E6%98%9F.aird;;
2024-10-19 15:39:23,221;Capella;6.1.0.202303291413;Open+Session;5G+NR+%E6%89%8B%E6%9C%BA%E7%9B%B4%E8%BF%9ETP%E8%AF%95%E9%AA%8C%E5%8D%AB%E6%98%9F.aird;OK;
2024-10-19 15:45:17,957;Capella;6.1.0.202303291413;Open+Representation;;;
2024-10-19 15:45:18,977;Capella;6.1.0.202303291413;Open+Representation;;OK;
2024-10-19 15:45:35,728;Capella;6.1.0.202303291413;Close+Session;5G+NR+%E6%89%8B%E6%9C%BA%E7%9B%B4%E8%BF%9ETP%E8%AF%95%E9%AA%8C%E5%8D%AB%E6%98%9F.aird;;
2024-10-19 15:45:36,089;Capella;6.1.0.202303291413;Close+Session;5G+NR+%E6%89%8B%E6%9C%BA%E7%9B%B4%E8%BF%9ETP%E8%AF%95%E9%AA%8C%E5%8D%AB%E6%98%9F.aird;OK;
2024-10-19 15:45:40,281;Capella;6.1.0.202303291413;Open+Session;5G+NR+%E6%89%8B%E6%9C%BA%E7%9B%B4%E8%BF%9ETP%E8%AF%95%E9%AA%8C%E5%8D%AB%E6%98%9F.aird;;
2024-10-19 15:45:41,861;Capella;6.1.0.202303291413;Open+Session;5G+NR+%E6%89%8B%E6%9C%BA%E7%9B%B4%E8%BF%9ETP%E8%AF%95%E9%AA%8C%E5%8D%AB%E6%98%9F.aird;OK;
2024-10-19 15:47:30,256;Capella;6.1.0.202303291413;Open+Representation;;;
2024-10-19 15:47:33,314;Capella;6.1.0.202303291413;Open+Representation;;OK;
2024-10-19 15:47:49,251;Capella;6.1.0.202303291413;Close+Session;5G+NR+%E6%89%8B%E6%9C%BA%E7%9B%B4%E8%BF%9ETP%E8%AF%95%E9%AA%8C%E5%8D%AB%E6%98%9F.aird;;
2024-10-19 15:47:49,575;Capella;6.1.0.202303291413;Close+Session;5G+NR+%E6%89%8B%E6%9C%BA%E7%9B%B4%E8%BF%9ETP%E8%AF%95%E9%AA%8C%E5%8D%AB%E6%98%9F.aird;OK;
2024-10-19 16:26:31,023;Capella;6.1.0.202303291413;Open+Session;5G+NR+%E6%89%8B%E6%9C%BA%E7%9B%B4%E8%BF%9ETP%E8%AF%95%E9%AA%8C%E5%8D%AB%E6%98%9F.aird;;
2024-10-19 16:26:32,424;Capella;6.1.0.202303291413;Open+Session;5G+NR+%E6%89%8B%E6%9C%BA%E7%9B%B4%E8%BF%9ETP%E8%AF%95%E9%AA%8C%E5%8D%AB%E6%98%9F.aird;OK;
2024-10-19 16:26:39,549;Capella;6.1.0.202303291413;Open+Representation;;;
2024-10-19 16:26:42,493;Capella;6.1.0.202303291413;Open+Representation;;OK;
2024-10-19 16:26:51,015;Capella;6.1.0.202303291413;Open+Representation;;;
2024-10-19 16:26:53,782;Capella;6.1.0.202303291413;Open+Representation;;OK;
2024-10-19 16:30:33,289;Capella;6.1.0.202303291413;Open+Representation;;;
2024-10-19 16:30:36,091;Capella;6.1.0.202303291413;Open+Representation;;OK;
2024-10-19 16:30:40,574;Capella;6.1.0.202303291413;Open+Representation;;;
2024-10-19 16:30:43,603;Capella;6.1.0.202303291413;Open+Representation;;OK;
2024-10-19 16:31:00,822;Capella;6.1.0.202303291413;Open+Representation;;;
2024-10-19 16:31:02,991;Capella;6.1.0.202303291413;Open+Representation;;OK;
2024-10-19 16:31:04,474;Capella;6.1.0.202303291413;Open+Representation;;;
2024-10-19 16:31:04,633;Capella;6.1.0.202303291413;Open+Representation;;OK;
2024-10-19 16:31:09,170;Capella;6.1.0.202303291413;Open+Representation;;;
2024-10-19 16:31:09,304;Capella;6.1.0.202303291413;Open+Representation;;OK;
2024-10-19 18:17:53,494;Capella;6.1.0.202303291413;Create+Representation;EPBS+Architecture+Blank;;8d6882dd-664e-4cbd-affd-d8ec563ade46
2024-10-19 18:18:14,434;Capella;6.1.0.202303291413;Create+Representation;EPBS+Architecture+Blank;;8d6882dd-664e-4cbd-affd-d8ec563ade46
2024-10-19 18:18:14,458;Capella;6.1.0.202303291413;Create+Representation;EPBS+Architecture+Blank;OK;8d6882dd-664e-4cbd-affd-d8ec563ade46
2024-10-19 18:18:15,004;Capella;6.1.0.202303291413;Create+Representation;EPBS+Architecture+Blank;OK;8d6882dd-664e-4cbd-affd-d8ec563ade46
2024-10-19 19:08:03,995;Capella;6.1.0.202303291413;Open+Representation;;;
2024-10-19 19:08:04,379;Capella;6.1.0.202303291413;Open+Representation;;OK;
2024-10-19 19:08:58,081;Capella;6.1.0.202303291413;Open+Representation;;;
2024-10-19 19:08:58,423;Capella;6.1.0.202303291413;Open+Representation;;OK;
2024-10-19 19:09:22,610;Capella;6.1.0.202303291413;Open+Representation;;;
2024-10-19 19:09:22,945;Capella;6.1.0.202303291413;Open+Representation;;OK;
2024-10-19 19:09:47,723;Capella;6.1.0.202303291413;Open+Representation;;;
2024-10-19 19:09:48,052;Capella;6.1.0.202303291413;Open+Representation;;OK;
2024-10-19 19:10:07,592;Capella;6.1.0.202303291413;Open+Representation;;;
2024-10-19 19:10:07,960;Capella;6.1.0.202303291413;Open+Representation;;OK;
2024-10-19 19:10:47,294;Capella;6.1.0.202303291413;Open+Representation;;;
2024-10-19 19:10:47,649;Capella;6.1.0.202303291413;Open+Representation;;OK;
